[0.262s] DEBUG:colcon:Command line arguments: ['/usr/bin/colcon', 'build', '--packages-select', 'py_pkg', 'turtlesim_bringup']
[0.262s] DEBUG:colcon:Parsed command line arguments: Namespace(log_base=None, log_level=None, verb_name='build', build_base='build', install_base='install', merge_install=False, symlink_install=False, test_result_base=None, continue_on_error=False, executor='parallel', parallel_workers=4, event_handlers=None, ignore_user_meta=False, metas=['./colcon.meta'], base_paths=['.'], packages_ignore=None, packages_ignore_regex=None, paths=None, packages_up_to=None, packages_up_to_regex=None, packages_above=None, packages_above_and_dependencies=None, packages_above_depth=None, packages_select_by_dep=None, packages_skip_by_dep=None, packages_skip_up_to=None, packages_select_build_failed=False, packages_skip_build_finished=False, packages_select_test_failures=False, packages_skip_test_passed=False, packages_select=['py_pkg', 'turtlesim_bringup'], packages_skip=None, packages_select_regex=None, packages_skip_regex=None, packages_start=None, packages_end=None, allow_overriding=[], cmake_args=None, cmake_target=None, cmake_target_skip_unavailable=False, cmake_clean_cache=False, cmake_clean_first=False, cmake_force_configure=False, ament_cmake_args=None, catkin_cmake_args=None, catkin_skip_building_tests=False, mixin_files=None, mixin=None, verb_parser=<colcon_mixin.mixin.mixin_argument.MixinArgumentDecorator object at 0x7f6a818d2560>, verb_extension=<colcon_core.verb.build.BuildVerb object at 0x7f6a818d1fc0>, main=<bound method BuildVerb.main of <colcon_core.verb.build.BuildVerb object at 0x7f6a818d1fc0>>, mixin_verb=('build',))
[0.662s] Level 1:colcon.colcon_core.package_discovery:discover_packages(colcon_meta) check parameters
[0.663s] Level 1:colcon.colcon_core.package_discovery:discover_packages(recursive) check parameters
[0.663s] Level 1:colcon.colcon_core.package_discovery:discover_packages(ignore) check parameters
[0.663s] Level 1:colcon.colcon_core.package_discovery:discover_packages(path) check parameters
[0.663s] Level 1:colcon.colcon_core.package_discovery:discover_packages(colcon_meta) discover
[0.663s] Level 1:colcon.colcon_core.package_discovery:discover_packages(recursive) discover
[0.663s] INFO:colcon.colcon_core.package_discovery:Crawling recursively for packages in '/home/lucas/turtlesim_ws'
[0.663s] Level 1:colcon.colcon_core.package_identification:_identify(.) by extensions ['ignore', 'ignore_ament_install']
[0.664s] Level 1:colcon.colcon_core.package_identification:_identify(.) by extension 'ignore'
[0.664s] Level 1:colcon.colcon_core.package_identification:_identify(.) by extension 'ignore_ament_install'
[0.664s] Level 1:colcon.colcon_core.package_identification:_identify(.) by extensions ['colcon_pkg']
[0.664s] Level 1:colcon.colcon_core.package_identification:_identify(.) by extension 'colcon_pkg'
[0.664s] Level 1:colcon.colcon_core.package_identification:_identify(.) by extensions ['colcon_meta']
[0.664s] Level 1:colcon.colcon_core.package_identification:_identify(.) by extension 'colcon_meta'
[0.664s] Level 1:colcon.colcon_core.package_identification:_identify(.) by extensions ['ros']
[0.664s] Level 1:colcon.colcon_core.package_identification:_identify(.) by extension 'ros'
[0.687s] Level 1:colcon.colcon_core.package_identification:_identify(.) by extensions ['cmake', 'python']
[0.688s] Level 1:colcon.colcon_core.package_identification:_identify(.) by extension 'cmake'
[0.688s] Level 1:colcon.colcon_core.package_identification:_identify(.) by extension 'python'
[0.688s] Level 1:colcon.colcon_core.package_identification:_identify(.) by extensions ['python_setup_py']
[0.688s] Level 1:colcon.colcon_core.package_identification:_identify(.) by extension 'python_setup_py'
[0.688s] Level 1:colcon.colcon_core.package_identification:_identify(build) by extensions ['ignore', 'ignore_ament_install']
[0.688s] Level 1:colcon.colcon_core.package_identification:_identify(build) by extension 'ignore'
[0.688s] Level 1:colcon.colcon_core.package_identification:_identify(build) ignored
[0.689s] Level 1:colcon.colcon_core.package_identification:_identify(install) by extensions ['ignore', 'ignore_ament_install']
[0.689s] Level 1:colcon.colcon_core.package_identification:_identify(install) by extension 'ignore'
[0.689s] Level 1:colcon.colcon_core.package_identification:_identify(install) ignored
[0.689s] Level 1:colcon.colcon_core.package_identification:_identify(log) by extensions ['ignore', 'ignore_ament_install']
[0.689s] Level 1:colcon.colcon_core.package_identification:_identify(log) by extension 'ignore'
[0.689s] Level 1:colcon.colcon_core.package_identification:_identify(log) ignored
[0.690s] Level 1:colcon.colcon_core.package_identification:_identify(src) by extensions ['ignore', 'ignore_ament_install']
[0.690s] Level 1:colcon.colcon_core.package_identification:_identify(src) by extension 'ignore'
[0.690s] Level 1:colcon.colcon_core.package_identification:_identify(src) by extension 'ignore_ament_install'
[0.690s] Level 1:colcon.colcon_core.package_identification:_identify(src) by extensions ['colcon_pkg']
[0.690s] Level 1:colcon.colcon_core.package_identification:_identify(src) by extension 'colcon_pkg'
[0.690s] Level 1:colcon.colcon_core.package_identification:_identify(src) by extensions ['colcon_meta']
[0.690s] Level 1:colcon.colcon_core.package_identification:_identify(src) by extension 'colcon_meta'
[0.690s] Level 1:colcon.colcon_core.package_identification:_identify(src) by extensions ['ros']
[0.690s] Level 1:colcon.colcon_core.package_identification:_identify(src) by extension 'ros'
[0.691s] Level 1:colcon.colcon_core.package_identification:_identify(src) by extensions ['cmake', 'python']
[0.691s] Level 1:colcon.colcon_core.package_identification:_identify(src) by extension 'cmake'
[0.691s] Level 1:colcon.colcon_core.package_identification:_identify(src) by extension 'python'
[0.691s] Level 1:colcon.colcon_core.package_identification:_identify(src) by extensions ['python_setup_py']
[0.691s] Level 1:colcon.colcon_core.package_identification:_identify(src) by extension 'python_setup_py'
[0.691s] Level 1:colcon.colcon_core.package_identification:_identify(src/cpp_pkg) by extensions ['ignore', 'ignore_ament_install']
[0.691s] Level 1:colcon.colcon_core.package_identification:_identify(src/cpp_pkg) by extension 'ignore'
[0.691s] Level 1:colcon.colcon_core.package_identification:_identify(src/cpp_pkg) by extension 'ignore_ament_install'
[0.692s] Level 1:colcon.colcon_core.package_identification:_identify(src/cpp_pkg) by extensions ['colcon_pkg']
[0.692s] Level 1:colcon.colcon_core.package_identification:_identify(src/cpp_pkg) by extension 'colcon_pkg'
[0.692s] Level 1:colcon.colcon_core.package_identification:_identify(src/cpp_pkg) by extensions ['colcon_meta']
[0.692s] Level 1:colcon.colcon_core.package_identification:_identify(src/cpp_pkg) by extension 'colcon_meta'
[0.692s] Level 1:colcon.colcon_core.package_identification:_identify(src/cpp_pkg) by extensions ['ros']
[0.692s] Level 1:colcon.colcon_core.package_identification:_identify(src/cpp_pkg) by extension 'ros'
[0.697s] DEBUG:colcon.colcon_core.package_identification:Package 'src/cpp_pkg' with type 'ros.ament_cmake' and name 'cpp_pkg'
[0.697s] Level 1:colcon.colcon_core.package_identification:_identify(src/py_pkg) by extensions ['ignore', 'ignore_ament_install']
[0.697s] Level 1:colcon.colcon_core.package_identification:_identify(src/py_pkg) by extension 'ignore'
[0.697s] Level 1:colcon.colcon_core.package_identification:_identify(src/py_pkg) by extension 'ignore_ament_install'
[0.697s] Level 1:colcon.colcon_core.package_identification:_identify(src/py_pkg) by extensions ['colcon_pkg']
[0.697s] Level 1:colcon.colcon_core.package_identification:_identify(src/py_pkg) by extension 'colcon_pkg'
[0.697s] Level 1:colcon.colcon_core.package_identification:_identify(src/py_pkg) by extensions ['colcon_meta']
[0.697s] Level 1:colcon.colcon_core.package_identification:_identify(src/py_pkg) by extension 'colcon_meta'
[0.698s] Level 1:colcon.colcon_core.package_identification:_identify(src/py_pkg) by extensions ['ros']
[0.698s] Level 1:colcon.colcon_core.package_identification:_identify(src/py_pkg) by extension 'ros'
[0.699s] DEBUG:colcon.colcon_core.package_identification:Package 'src/py_pkg' with type 'ros.ament_python' and name 'py_pkg'
[0.699s] Level 1:colcon.colcon_core.package_identification:_identify(src/turtlesim_bringup) by extensions ['ignore', 'ignore_ament_install']
[0.700s] Level 1:colcon.colcon_core.package_identification:_identify(src/turtlesim_bringup) by extension 'ignore'
[0.700s] Level 1:colcon.colcon_core.package_identification:_identify(src/turtlesim_bringup) by extension 'ignore_ament_install'
[0.700s] Level 1:colcon.colcon_core.package_identification:_identify(src/turtlesim_bringup) by extensions ['colcon_pkg']
[0.700s] Level 1:colcon.colcon_core.package_identification:_identify(src/turtlesim_bringup) by extension 'colcon_pkg'
[0.700s] Level 1:colcon.colcon_core.package_identification:_identify(src/turtlesim_bringup) by extensions ['colcon_meta']
[0.700s] Level 1:colcon.colcon_core.package_identification:_identify(src/turtlesim_bringup) by extension 'colcon_meta'
[0.700s] Level 1:colcon.colcon_core.package_identification:_identify(src/turtlesim_bringup) by extensions ['ros']
[0.700s] Level 1:colcon.colcon_core.package_identification:_identify(src/turtlesim_bringup) by extension 'ros'
[0.701s] DEBUG:colcon.colcon_core.package_identification:Package 'src/turtlesim_bringup' with type 'ros.ament_cmake' and name 'turtlesim_bringup'
[0.701s] Level 1:colcon.colcon_core.package_identification:_identify(src/turtlesim_interfaces) by extensions ['ignore', 'ignore_ament_install']
[0.702s] Level 1:colcon.colcon_core.package_identification:_identify(src/turtlesim_interfaces) by extension 'ignore'
[0.702s] Level 1:colcon.colcon_core.package_identification:_identify(src/turtlesim_interfaces) by extension 'ignore_ament_install'
[0.702s] Level 1:colcon.colcon_core.package_identification:_identify(src/turtlesim_interfaces) by extensions ['colcon_pkg']
[0.702s] Level 1:colcon.colcon_core.package_identification:_identify(src/turtlesim_interfaces) by extension 'colcon_pkg'
[0.702s] Level 1:colcon.colcon_core.package_identification:_identify(src/turtlesim_interfaces) by extensions ['colcon_meta']
[0.702s] Level 1:colcon.colcon_core.package_identification:_identify(src/turtlesim_interfaces) by extension 'colcon_meta'
[0.702s] Level 1:colcon.colcon_core.package_identification:_identify(src/turtlesim_interfaces) by extensions ['ros']
[0.702s] Level 1:colcon.colcon_core.package_identification:_identify(src/turtlesim_interfaces) by extension 'ros'
[0.703s] DEBUG:colcon.colcon_core.package_identification:Package 'src/turtlesim_interfaces' with type 'ros.ament_cmake' and name 'turtlesim_interfaces'
[0.703s] Level 1:colcon.colcon_core.package_discovery:discover_packages(recursive) using defaults
[0.703s] Level 1:colcon.colcon_core.package_discovery:discover_packages(ignore) discover
[0.704s] Level 1:colcon.colcon_core.package_discovery:discover_packages(ignore) using defaults
[0.704s] Level 1:colcon.colcon_core.package_discovery:discover_packages(path) discover
[0.704s] Level 1:colcon.colcon_core.package_discovery:discover_packages(path) using defaults
[0.768s] INFO:colcon.colcon_core.package_selection:Skipping not selected package 'cpp_pkg' in 'src/cpp_pkg'
[0.768s] INFO:colcon.colcon_core.package_selection:Skipping not selected package 'turtlesim_interfaces' in 'src/turtlesim_interfaces'
[0.769s] Level 1:colcon.colcon_core.package_discovery:discover_packages(prefix_path) check parameters
[0.769s] Level 1:colcon.colcon_core.package_discovery:discover_packages(prefix_path) discover
[0.776s] DEBUG:colcon.colcon_installed_package_information.package_discovery:Found 359 installed packages in /opt/ros/humble
[0.781s] Level 1:colcon.colcon_core.package_discovery:discover_packages(prefix_path) using defaults
[0.899s] Level 5:colcon.colcon_core.verb:set package 'py_pkg' build argument 'cmake_args' from command line to 'None'
[0.899s] Level 5:colcon.colcon_core.verb:set package 'py_pkg' build argument 'cmake_target' from command line to 'None'
[0.899s] Level 5:colcon.colcon_core.verb:set package 'py_pkg' build argument 'cmake_target_skip_unavailable' from command line to 'False'
[0.899s] Level 5:colcon.colcon_core.verb:set package 'py_pkg' build argument 'cmake_clean_cache' from command line to 'False'
[0.899s] Level 5:colcon.colcon_core.verb:set package 'py_pkg' build argument 'cmake_clean_first' from command line to 'False'
[0.899s] Level 5:colcon.colcon_core.verb:set package 'py_pkg' build argument 'cmake_force_configure' from command line to 'False'
[0.899s] Level 5:colcon.colcon_core.verb:set package 'py_pkg' build argument 'ament_cmake_args' from command line to 'None'
[0.899s] Level 5:colcon.colcon_core.verb:set package 'py_pkg' build argument 'catkin_cmake_args' from command line to 'None'
[0.899s] Level 5:colcon.colcon_core.verb:set package 'py_pkg' build argument 'catkin_skip_building_tests' from command line to 'False'
[0.900s] DEBUG:colcon.colcon_core.verb:Building package 'py_pkg' with the following arguments: {'ament_cmake_args': None, 'build_base': '/home/lucas/turtlesim_ws/build/py_pkg', 'catkin_cmake_args': None, 'catkin_skip_building_tests': False, 'cmake_args': None, 'cmake_clean_cache': False, 'cmake_clean_first': False, 'cmake_force_configure': False, 'cmake_target': None, 'cmake_target_skip_unavailable': False, 'install_base': '/home/lucas/turtlesim_ws/install/py_pkg', 'merge_install': False, 'path': '/home/lucas/turtlesim_ws/src/py_pkg', 'symlink_install': False, 'test_result_base': None}
[0.900s] Level 5:colcon.colcon_core.verb:set package 'turtlesim_bringup' build argument 'cmake_args' from command line to 'None'
[0.900s] Level 5:colcon.colcon_core.verb:set package 'turtlesim_bringup' build argument 'cmake_target' from command line to 'None'
[0.900s] Level 5:colcon.colcon_core.verb:set package 'turtlesim_bringup' build argument 'cmake_target_skip_unavailable' from command line to 'False'
[0.901s] Level 5:colcon.colcon_core.verb:set package 'turtlesim_bringup' build argument 'cmake_clean_cache' from command line to 'False'
[0.901s] Level 5:colcon.colcon_core.verb:set package 'turtlesim_bringup' build argument 'cmake_clean_first' from command line to 'False'
[0.901s] Level 5:colcon.colcon_core.verb:set package 'turtlesim_bringup' build argument 'cmake_force_configure' from command line to 'False'
[0.901s] Level 5:colcon.colcon_core.verb:set package 'turtlesim_bringup' build argument 'ament_cmake_args' from command line to 'None'
[0.901s] Level 5:colcon.colcon_core.verb:set package 'turtlesim_bringup' build argument 'catkin_cmake_args' from command line to 'None'
[0.901s] Level 5:colcon.colcon_core.verb:set package 'turtlesim_bringup' build argument 'catkin_skip_building_tests' from command line to 'False'
[0.901s] DEBUG:colcon.colcon_core.verb:Building package 'turtlesim_bringup' with the following arguments: {'ament_cmake_args': None, 'build_base': '/home/lucas/turtlesim_ws/build/turtlesim_bringup', 'catkin_cmake_args': None, 'catkin_skip_building_tests': False, 'cmake_args': None, 'cmake_clean_cache': False, 'cmake_clean_first': False, 'cmake_force_configure': False, 'cmake_target': None, 'cmake_target_skip_unavailable': False, 'install_base': '/home/lucas/turtlesim_ws/install/turtlesim_bringup', 'merge_install': False, 'path': '/home/lucas/turtlesim_ws/src/turtlesim_bringup', 'symlink_install': False, 'test_result_base': None}
[0.901s] INFO:colcon.colcon_core.executor:Executing jobs using 'parallel' executor
[0.903s] DEBUG:colcon.colcon_parallel_executor.executor.parallel:run_until_complete
[0.903s] INFO:colcon.colcon_ros.task.ament_python.build:Building ROS package in '/home/lucas/turtlesim_ws/src/py_pkg' with build type 'ament_python'
[0.904s] Level 1:colcon.colcon_core.shell:create_environment_hook('py_pkg', 'ament_prefix_path')
[0.908s] INFO:colcon.colcon_core.plugin_system:Skipping extension 'colcon_core.shell.bat': Not used on non-Windows systems
[0.908s] INFO:colcon.colcon_core.shell:Creating environment hook '/home/lucas/turtlesim_ws/install/py_pkg/share/py_pkg/hook/ament_prefix_path.ps1'
[0.928s] INFO:colcon.colcon_core.shell:Creating environment descriptor '/home/lucas/turtlesim_ws/install/py_pkg/share/py_pkg/hook/ament_prefix_path.dsv'
[0.929s] INFO:colcon.colcon_core.shell:Creating environment hook '/home/lucas/turtlesim_ws/install/py_pkg/share/py_pkg/hook/ament_prefix_path.sh'
[0.932s] INFO:colcon.colcon_core.shell:Skip shell extension 'powershell' for command environment: Not usable outside of PowerShell
[0.932s] DEBUG:colcon.colcon_core.shell:Skip shell extension 'dsv' for command environment
[1.554s] INFO:colcon.colcon_core.task.python.build:Building Python package in '/home/lucas/turtlesim_ws/src/py_pkg'
[1.554s] INFO:colcon.colcon_core.shell:Skip shell extension 'powershell' for command environment: Not usable outside of PowerShell
[1.554s] DEBUG:colcon.colcon_core.shell:Skip shell extension 'dsv' for command environment
[2.427s] DEBUG:colcon.colcon_core.event_handler.log_command:Invoking command in '/home/lucas/turtlesim_ws/src/py_pkg': AMENT_PREFIX_PATH=/home/lucas/turtlesim_ws/install/turtlesim_interfaces:${AMENT_PREFIX_PATH} CMAKE_PREFIX_PATH=/home/lucas/turtlesim_ws/install/turtlesim_interfaces PYTHONPATH=/home/lucas/turtlesim_ws/build/py_pkg/prefix_override:/usr/lib/python3/dist-packages/colcon_core/task/python/colcon_distutils_commands:/home/lucas/turtlesim_ws/install/py_pkg/lib/python3.10/site-packages:${PYTHONPATH} /usr/bin/python3 -W ignore:setup.py install is deprecated -W ignore:easy_install command is deprecated setup.py egg_info --egg-base ../../build/py_pkg build --build-base /home/lucas/turtlesim_ws/build/py_pkg/build install --record /home/lucas/turtlesim_ws/build/py_pkg/install.log --single-version-externally-managed install_data
[3.181s] DEBUG:colcon.colcon_core.event_handler.log_command:Invoked command in '/home/lucas/turtlesim_ws/src/py_pkg' returned '0': AMENT_PREFIX_PATH=/home/lucas/turtlesim_ws/install/turtlesim_interfaces:${AMENT_PREFIX_PATH} CMAKE_PREFIX_PATH=/home/lucas/turtlesim_ws/install/turtlesim_interfaces PYTHONPATH=/home/lucas/turtlesim_ws/build/py_pkg/prefix_override:/usr/lib/python3/dist-packages/colcon_core/task/python/colcon_distutils_commands:/home/lucas/turtlesim_ws/install/py_pkg/lib/python3.10/site-packages:${PYTHONPATH} /usr/bin/python3 -W ignore:setup.py install is deprecated -W ignore:easy_install command is deprecated setup.py egg_info --egg-base ../../build/py_pkg build --build-base /home/lucas/turtlesim_ws/build/py_pkg/build install --record /home/lucas/turtlesim_ws/build/py_pkg/install.log --single-version-externally-managed install_data
[3.185s] Level 1:colcon.colcon_core.environment:checking '/home/lucas/turtlesim_ws/install/py_pkg' for CMake module files
[3.186s] Level 1:colcon.colcon_core.environment:checking '/home/lucas/turtlesim_ws/install/py_pkg' for CMake config files
[3.187s] Level 1:colcon.colcon_core.environment:checking '/home/lucas/turtlesim_ws/install/py_pkg/lib'
[3.188s] Level 1:colcon.colcon_core.environment:checking '/home/lucas/turtlesim_ws/install/py_pkg/bin'
[3.188s] Level 1:colcon.colcon_core.environment:checking '/home/lucas/turtlesim_ws/install/py_pkg/lib/pkgconfig/py_pkg.pc'
[3.188s] Level 1:colcon.colcon_core.environment:checking '/home/lucas/turtlesim_ws/install/py_pkg/lib/python3.10/site-packages'
[3.188s] Level 1:colcon.colcon_core.shell:create_environment_hook('py_pkg', 'pythonpath')
[3.189s] INFO:colcon.colcon_core.shell:Creating environment hook '/home/lucas/turtlesim_ws/install/py_pkg/share/py_pkg/hook/pythonpath.ps1'
[3.221s] INFO:colcon.colcon_core.shell:Creating environment descriptor '/home/lucas/turtlesim_ws/install/py_pkg/share/py_pkg/hook/pythonpath.dsv'
[3.224s] INFO:colcon.colcon_core.shell:Creating environment hook '/home/lucas/turtlesim_ws/install/py_pkg/share/py_pkg/hook/pythonpath.sh'
[3.226s] Level 1:colcon.colcon_core.environment:checking '/home/lucas/turtlesim_ws/install/py_pkg/bin'
[3.226s] Level 1:colcon.colcon_core.environment:create_environment_scripts_only(py_pkg)
[3.227s] INFO:colcon.colcon_core.shell:Creating package script '/home/lucas/turtlesim_ws/install/py_pkg/share/py_pkg/package.ps1'
[3.229s] INFO:colcon.colcon_core.shell:Creating package descriptor '/home/lucas/turtlesim_ws/install/py_pkg/share/py_pkg/package.dsv'
[3.230s] INFO:colcon.colcon_core.shell:Creating package script '/home/lucas/turtlesim_ws/install/py_pkg/share/py_pkg/package.sh'
[3.231s] INFO:colcon.colcon_core.shell:Creating package script '/home/lucas/turtlesim_ws/install/py_pkg/share/py_pkg/package.bash'
[3.232s] INFO:colcon.colcon_core.shell:Creating package script '/home/lucas/turtlesim_ws/install/py_pkg/share/py_pkg/package.zsh'
[3.234s] Level 1:colcon.colcon_core.environment:create_file_with_runtime_dependencies(/home/lucas/turtlesim_ws/install/py_pkg/share/colcon-core/packages/py_pkg)
[3.234s] INFO:colcon.colcon_ros.task.ament_cmake.build:Building ROS package in '/home/lucas/turtlesim_ws/src/turtlesim_bringup' with build type 'ament_cmake'
[3.234s] INFO:colcon.colcon_cmake.task.cmake.build:Building CMake package in '/home/lucas/turtlesim_ws/src/turtlesim_bringup'
[3.235s] INFO:colcon.colcon_core.shell:Skip shell extension 'powershell' for command environment: Not usable outside of PowerShell
[3.235s] DEBUG:colcon.colcon_core.shell:Skip shell extension 'dsv' for command environment
[3.259s] DEBUG:colcon.colcon_core.event_handler.log_command:Invoking command in '/home/lucas/turtlesim_ws/build/turtlesim_bringup': AMENT_PREFIX_PATH=/home/lucas/turtlesim_ws/install/py_pkg:/home/lucas/turtlesim_ws/install/turtlesim_interfaces:/home/lucas/turtlesim_ws/install/cpp_pkg:${AMENT_PREFIX_PATH} CMAKE_PREFIX_PATH=/home/lucas/turtlesim_ws/install/turtlesim_interfaces:/home/lucas/turtlesim_ws/install/cpp_pkg:/opt/ros/humble PYTHONPATH=/home/lucas/turtlesim_ws/install/py_pkg/lib/python3.10/site-packages:${PYTHONPATH} /usr/bin/cmake --build /home/lucas/turtlesim_ws/build/turtlesim_bringup -- -j4 -l4
[3.795s] DEBUG:colcon.colcon_core.event_handler.log_command:Invoked command in '/home/lucas/turtlesim_ws/build/turtlesim_bringup' returned '0': AMENT_PREFIX_PATH=/home/lucas/turtlesim_ws/install/py_pkg:/home/lucas/turtlesim_ws/install/turtlesim_interfaces:/home/lucas/turtlesim_ws/install/cpp_pkg:${AMENT_PREFIX_PATH} CMAKE_PREFIX_PATH=/home/lucas/turtlesim_ws/install/turtlesim_interfaces:/home/lucas/turtlesim_ws/install/cpp_pkg:/opt/ros/humble PYTHONPATH=/home/lucas/turtlesim_ws/install/py_pkg/lib/python3.10/site-packages:${PYTHONPATH} /usr/bin/cmake --build /home/lucas/turtlesim_ws/build/turtlesim_bringup -- -j4 -l4
[3.816s] DEBUG:colcon.colcon_core.event_handler.log_command:Invoking command in '/home/lucas/turtlesim_ws/build/turtlesim_bringup': AMENT_PREFIX_PATH=/home/lucas/turtlesim_ws/install/py_pkg:/home/lucas/turtlesim_ws/install/turtlesim_interfaces:/home/lucas/turtlesim_ws/install/cpp_pkg:${AMENT_PREFIX_PATH} CMAKE_PREFIX_PATH=/home/lucas/turtlesim_ws/install/turtlesim_interfaces:/home/lucas/turtlesim_ws/install/cpp_pkg:/opt/ros/humble PYTHONPATH=/home/lucas/turtlesim_ws/install/py_pkg/lib/python3.10/site-packages:${PYTHONPATH} /usr/bin/cmake --install /home/lucas/turtlesim_ws/build/turtlesim_bringup
[3.856s] Level 1:colcon.colcon_core.environment:create_environment_scripts_only(turtlesim_bringup)
[3.857s] Level 1:colcon.colcon_core.environment:checking '/home/lucas/turtlesim_ws/install/turtlesim_bringup' for CMake module files
[3.857s] DEBUG:colcon.colcon_core.event_handler.log_command:Invoked command in '/home/lucas/turtlesim_ws/build/turtlesim_bringup' returned '0': AMENT_PREFIX_PATH=/home/lucas/turtlesim_ws/install/py_pkg:/home/lucas/turtlesim_ws/install/turtlesim_interfaces:/home/lucas/turtlesim_ws/install/cpp_pkg:${AMENT_PREFIX_PATH} CMAKE_PREFIX_PATH=/home/lucas/turtlesim_ws/install/turtlesim_interfaces:/home/lucas/turtlesim_ws/install/cpp_pkg:/opt/ros/humble PYTHONPATH=/home/lucas/turtlesim_ws/install/py_pkg/lib/python3.10/site-packages:${PYTHONPATH} /usr/bin/cmake --install /home/lucas/turtlesim_ws/build/turtlesim_bringup
[3.858s] Level 1:colcon.colcon_core.environment:checking '/home/lucas/turtlesim_ws/install/turtlesim_bringup' for CMake config files
[3.859s] Level 1:colcon.colcon_core.shell:create_environment_hook('turtlesim_bringup', 'cmake_prefix_path')
[3.859s] INFO:colcon.colcon_core.shell:Creating environment hook '/home/lucas/turtlesim_ws/install/turtlesim_bringup/share/turtlesim_bringup/hook/cmake_prefix_path.ps1'
[3.860s] INFO:colcon.colcon_core.shell:Creating environment descriptor '/home/lucas/turtlesim_ws/install/turtlesim_bringup/share/turtlesim_bringup/hook/cmake_prefix_path.dsv'
[3.861s] INFO:colcon.colcon_core.shell:Creating environment hook '/home/lucas/turtlesim_ws/install/turtlesim_bringup/share/turtlesim_bringup/hook/cmake_prefix_path.sh'
[3.861s] Level 1:colcon.colcon_core.environment:checking '/home/lucas/turtlesim_ws/install/turtlesim_bringup/bin'
[3.862s] Level 1:colcon.colcon_core.environment:checking '/home/lucas/turtlesim_ws/install/turtlesim_bringup/lib/pkgconfig/turtlesim_bringup.pc'
[3.862s] Level 1:colcon.colcon_core.environment:checking '/home/lucas/turtlesim_ws/install/turtlesim_bringup/lib/python3.10/site-packages'
[3.862s] Level 1:colcon.colcon_core.environment:checking '/home/lucas/turtlesim_ws/install/turtlesim_bringup/bin'
[3.863s] INFO:colcon.colcon_core.shell:Creating package script '/home/lucas/turtlesim_ws/install/turtlesim_bringup/share/turtlesim_bringup/package.ps1'
[3.864s] INFO:colcon.colcon_core.shell:Creating package descriptor '/home/lucas/turtlesim_ws/install/turtlesim_bringup/share/turtlesim_bringup/package.dsv'
[3.865s] INFO:colcon.colcon_core.shell:Creating package script '/home/lucas/turtlesim_ws/install/turtlesim_bringup/share/turtlesim_bringup/package.sh'
[3.866s] INFO:colcon.colcon_core.shell:Creating package script '/home/lucas/turtlesim_ws/install/turtlesim_bringup/share/turtlesim_bringup/package.bash'
[3.867s] INFO:colcon.colcon_core.shell:Creating package script '/home/lucas/turtlesim_ws/install/turtlesim_bringup/share/turtlesim_bringup/package.zsh'
[3.867s] Level 1:colcon.colcon_core.environment:create_file_with_runtime_dependencies(/home/lucas/turtlesim_ws/install/turtlesim_bringup/share/colcon-core/packages/turtlesim_bringup)
[3.868s] Level 1:colcon.colcon_core.environment:create_environment_scripts_only(turtlesim_bringup)
[3.869s] Level 1:colcon.colcon_core.environment:checking '/home/lucas/turtlesim_ws/install/turtlesim_bringup' for CMake module files
[3.870s] Level 1:colcon.colcon_core.environment:checking '/home/lucas/turtlesim_ws/install/turtlesim_bringup' for CMake config files
[3.870s] Level 1:colcon.colcon_core.shell:create_environment_hook('turtlesim_bringup', 'cmake_prefix_path')
[3.871s] INFO:colcon.colcon_core.shell:Creating environment hook '/home/lucas/turtlesim_ws/install/turtlesim_bringup/share/turtlesim_bringup/hook/cmake_prefix_path.ps1'
[3.872s] INFO:colcon.colcon_core.shell:Creating environment descriptor '/home/lucas/turtlesim_ws/install/turtlesim_bringup/share/turtlesim_bringup/hook/cmake_prefix_path.dsv'
[3.872s] INFO:colcon.colcon_core.shell:Creating environment hook '/home/lucas/turtlesim_ws/install/turtlesim_bringup/share/turtlesim_bringup/hook/cmake_prefix_path.sh'
[3.873s] Level 1:colcon.colcon_core.environment:checking '/home/lucas/turtlesim_ws/install/turtlesim_bringup/bin'
[3.873s] Level 1:colcon.colcon_core.environment:checking '/home/lucas/turtlesim_ws/install/turtlesim_bringup/lib/pkgconfig/turtlesim_bringup.pc'
[3.874s] Level 1:colcon.colcon_core.environment:checking '/home/lucas/turtlesim_ws/install/turtlesim_bringup/lib/python3.10/site-packages'
[3.874s] Level 1:colcon.colcon_core.environment:checking '/home/lucas/turtlesim_ws/install/turtlesim_bringup/bin'
[3.875s] INFO:colcon.colcon_core.shell:Creating package script '/home/lucas/turtlesim_ws/install/turtlesim_bringup/share/turtlesim_bringup/package.ps1'
[3.876s] INFO:colcon.colcon_core.shell:Creating package descriptor '/home/lucas/turtlesim_ws/install/turtlesim_bringup/share/turtlesim_bringup/package.dsv'
[3.876s] INFO:colcon.colcon_core.shell:Creating package script '/home/lucas/turtlesim_ws/install/turtlesim_bringup/share/turtlesim_bringup/package.sh'
[3.877s] INFO:colcon.colcon_core.shell:Creating package script '/home/lucas/turtlesim_ws/install/turtlesim_bringup/share/turtlesim_bringup/package.bash'
[3.878s] INFO:colcon.colcon_core.shell:Creating package script '/home/lucas/turtlesim_ws/install/turtlesim_bringup/share/turtlesim_bringup/package.zsh'
[3.879s] Level 1:colcon.colcon_core.environment:create_file_with_runtime_dependencies(/home/lucas/turtlesim_ws/install/turtlesim_bringup/share/colcon-core/packages/turtlesim_bringup)
[3.879s] DEBUG:colcon.colcon_parallel_executor.executor.parallel:closing loop
[3.879s] DEBUG:colcon.colcon_parallel_executor.executor.parallel:loop closed
[3.880s] DEBUG:colcon.colcon_parallel_executor.executor.parallel:run_until_complete finished with '0'
[3.880s] DEBUG:colcon.colcon_core.event_reactor:joining thread
[3.890s] INFO:colcon.colcon_core.plugin_system:Skipping extension 'colcon_notification.desktop_notification.terminal_notifier': Not used on non-Darwin systems
[3.890s] INFO:colcon.colcon_core.plugin_system:Skipping extension 'colcon_notification.desktop_notification.win32': Not used on non-Windows systems
[3.890s] INFO:colcon.colcon_notification.desktop_notification:Sending desktop notification using 'notify2'
[3.917s] DEBUG:colcon.colcon_core.event_reactor:joined thread
[3.918s] INFO:colcon.colcon_core.shell:Creating prefix script '/home/lucas/turtlesim_ws/install/local_setup.ps1'
[3.921s] INFO:colcon.colcon_core.shell:Creating prefix util module '/home/lucas/turtlesim_ws/install/_local_setup_util_ps1.py'
[3.924s] INFO:colcon.colcon_core.shell:Creating prefix chain script '/home/lucas/turtlesim_ws/install/setup.ps1'
[3.926s] INFO:colcon.colcon_core.shell:Creating prefix script '/home/lucas/turtlesim_ws/install/local_setup.sh'
[3.928s] INFO:colcon.colcon_core.shell:Creating prefix util module '/home/lucas/turtlesim_ws/install/_local_setup_util_sh.py'
[3.929s] INFO:colcon.colcon_core.shell:Creating prefix chain script '/home/lucas/turtlesim_ws/install/setup.sh'
[3.931s] INFO:colcon.colcon_core.shell:Creating prefix script '/home/lucas/turtlesim_ws/install/local_setup.bash'
[3.932s] INFO:colcon.colcon_core.shell:Creating prefix chain script '/home/lucas/turtlesim_ws/install/setup.bash'
[3.934s] INFO:colcon.colcon_core.shell:Creating prefix script '/home/lucas/turtlesim_ws/install/local_setup.zsh'
[3.935s] INFO:colcon.colcon_core.shell:Creating prefix chain script '/home/lucas/turtlesim_ws/install/setup.zsh'
