[1.494s] Invoking command in '/home/lucas/turtlesim_ws/src/py_pkg': AMENT_PREFIX_PATH=/home/lucas/turtlesim_ws/install/turtlesim_interfaces:${AMENT_PREFIX_PATH} CMAKE_PREFIX_PATH=/home/lucas/turtlesim_ws/install/turtlesim_interfaces PYTHONPATH=/home/lucas/turtlesim_ws/build/py_pkg/prefix_override:/usr/lib/python3/dist-packages/colcon_core/task/python/colcon_distutils_commands:/home/lucas/turtlesim_ws/install/py_pkg/lib/python3.10/site-packages:${PYTHONPATH} /usr/bin/python3 -W ignore:setup.py install is deprecated -W ignore:easy_install command is deprecated setup.py egg_info --egg-base ../../build/py_pkg build --build-base /home/lucas/turtlesim_ws/build/py_pkg/build install --record /home/lucas/turtlesim_ws/build/py_pkg/install.log --single-version-externally-managed install_data
[2.062s] running egg_info
[2.063s] writing ../../build/py_pkg/py_pkg.egg-info/PKG-INFO
[2.082s] writing dependency_links to ../../build/py_pkg/py_pkg.egg-info/dependency_links.txt
[2.083s] writing entry points to ../../build/py_pkg/py_pkg.egg-info/entry_points.txt
[2.083s] writing requirements to ../../build/py_pkg/py_pkg.egg-info/requires.txt
[2.083s] writing top-level names to ../../build/py_pkg/py_pkg.egg-info/top_level.txt
[2.087s] reading manifest file '../../build/py_pkg/py_pkg.egg-info/SOURCES.txt'
[2.090s] writing manifest file '../../build/py_pkg/py_pkg.egg-info/SOURCES.txt'
[2.091s] running build
[2.091s] running build_py
[2.091s] copying py_pkg/turle_control.py -> /home/lucas/turtlesim_ws/build/py_pkg/build/lib/py_pkg
[2.091s] running install
[2.092s] running install_lib
[2.094s] copying /home/lucas/turtlesim_ws/build/py_pkg/build/lib/py_pkg/turle_control.py -> /home/lucas/turtlesim_ws/install/py_pkg/lib/python3.10/site-packages/py_pkg
[2.095s] byte-compiling /home/lucas/turtlesim_ws/install/py_pkg/lib/python3.10/site-packages/py_pkg/turle_control.py to turle_control.cpython-310.pyc
[2.095s] running install_data
[2.095s]   File "/home/lucas/turtlesim_ws/install/py_pkg/lib/python3.10/site-packages/py_pkg/turle_control.py", line 4
[2.096s]     from geometry_msgs/msg import Twist
[2.096s]                       ^
[2.096s] SyntaxError: invalid syntax
[2.096s] 
[2.096s] copying package.xml -> /home/lucas/turtlesim_ws/install/py_pkg/share/py_pkg
[2.097s] running install_egg_info
[2.099s] removing '/home/lucas/turtlesim_ws/install/py_pkg/lib/python3.10/site-packages/py_pkg-0.0.0-py3.10.egg-info' (and everything under it)
[2.100s] Copying ../../build/py_pkg/py_pkg.egg-info to /home/lucas/turtlesim_ws/install/py_pkg/lib/python3.10/site-packages/py_pkg-0.0.0-py3.10.egg-info
[2.102s] running install_scripts
[2.144s] writing list of installed files to '/home/lucas/turtlesim_ws/build/py_pkg/install.log'
[2.243s] Invoked command in '/home/lucas/turtlesim_ws/src/py_pkg' returned '0': AMENT_PREFIX_PATH=/home/lucas/turtlesim_ws/install/turtlesim_interfaces:${AMENT_PREFIX_PATH} CMAKE_PREFIX_PATH=/home/lucas/turtlesim_ws/install/turtlesim_interfaces PYTHONPATH=/home/lucas/turtlesim_ws/build/py_pkg/prefix_override:/usr/lib/python3/dist-packages/colcon_core/task/python/colcon_distutils_commands:/home/lucas/turtlesim_ws/install/py_pkg/lib/python3.10/site-packages:${PYTHONPATH} /usr/bin/python3 -W ignore:setup.py install is deprecated -W ignore:easy_install command is deprecated setup.py egg_info --egg-base ../../build/py_pkg build --build-base /home/lucas/turtlesim_ws/build/py_pkg/build install --record /home/lucas/turtlesim_ws/build/py_pkg/install.log --single-version-externally-managed install_data
