-- Found ament_cmake: 1.3.11 (/opt/ros/humble/share/ament_cmake/cmake)
-- Found rclcpp: 16.0.12 (/opt/ros/humble/share/rclcpp/cmake)
-- Found rosidl_generator_c: 3.1.6 (/opt/ros/humble/share/rosidl_generator_c/cmake)
-- Found rosidl_adapter: 3.1.6 (/opt/ros/humble/share/rosidl_adapter/cmake)
-- Found rosidl_generator_cpp: 3.1.6 (/opt/ros/humble/share/rosidl_generator_cpp/cmake)
-- Using all available rosidl_typesupport_c: rosidl_typesupport_fastrtps_c;rosidl_typesupport_introspection_c
-- Using all available rosidl_typesupport_cpp: rosidl_typesupport_fastrtps_cpp;rosidl_typesupport_introspection_cpp
-- Found rmw_implementation_cmake: 6.1.2 (/opt/ros/humble/share/rmw_implementation_cmake/cmake)
-- Found rmw_fastrtps_cpp: 6.2.7 (/opt/ros/humble/share/rmw_fastrtps_cpp/cmake)
-- Using RMW implementation 'rmw_fastrtps_cpp' as default
-- Found example_interfaces: 0.9.3 (/opt/ros/humble/share/example_interfaces/cmake)
[31mCMake Error at CMakeLists.txt:12 (find_package):
  By not providing "Findturtlesim_interfaces.cmake" in CMAKE_MODULE_PATH this
  project has asked CMake to find a package configuration file provided by
  "turtlesim_interfaces", but CMake did not find one.

  Could not find a package configuration file provided by
  "turtlesim_interfaces" with any of the following names:

    turtlesim_interfacesConfig.cmake
    turtlesim_interfaces-config.cmake

  Add the installation prefix of "turtlesim_interfaces" to CMAKE_PREFIX_PATH
  or set "turtlesim_interfaces_DIR" to a directory containing one of the
  above files.  If "turtlesim_interfaces" provides a separate development
  package or SDK, be sure it has been installed.

-- Configuring incomplete, errors occurred!
See also "/home/lucas/turtlesim_ws/build/cpp_pkg/CMakeFiles/CMakeOutput.log".
[0m
gmake: *** [Makefile:226: cmake_check_build_system] Error 1
