[0.035s] Invoking command in '/home/lucas/turtlesim_ws/build/cpp_pkg': CMAKE_PREFIX_PATH=/opt/ros/humble /usr/bin/cmake --build /home/lucas/turtlesim_ws/build/cpp_pkg -- -j4 -l4
[0.089s] -- Found ament_cmake: 1.3.11 (/opt/ros/humble/share/ament_cmake/cmake)
[0.393s] -- Found rclcpp: 16.0.12 (/opt/ros/humble/share/rclcpp/cmake)
[0.451s] -- Found rosidl_generator_c: 3.1.6 (/opt/ros/humble/share/rosidl_generator_c/cmake)
[0.457s] -- Found rosidl_adapter: 3.1.6 (/opt/ros/humble/share/rosidl_adapter/cmake)
[0.471s] -- Found rosidl_generator_cpp: 3.1.6 (/opt/ros/humble/share/rosidl_generator_cpp/cmake)
[0.493s] -- Using all available rosidl_typesupport_c: rosidl_typesupport_fastrtps_c;rosidl_typesupport_introspection_c
[0.523s] -- Using all available rosidl_typesupport_cpp: rosidl_typesupport_fastrtps_cpp;rosidl_typesupport_introspection_cpp
[0.594s] -- Found rmw_implementation_cmake: 6.1.2 (/opt/ros/humble/share/rmw_implementation_cmake/cmake)
[0.598s] -- Found rmw_fastrtps_cpp: 6.2.7 (/opt/ros/humble/share/rmw_fastrtps_cpp/cmake)
[0.790s] -- Using RMW implementation 'rmw_fastrtps_cpp' as default
[0.902s] -- Found example_interfaces: 0.9.3 (/opt/ros/humble/share/example_interfaces/cmake)
[1.003s] [31mCMake Error at CMakeLists.txt:12 (find_package):
[1.006s]   By not providing "Findturtlesim_interfaces.cmake" in CMAKE_MODULE_PATH this
[1.006s]   project has asked CMake to find a package configuration file provided by
[1.006s]   "turtlesim_interfaces", but CMake did not find one.
[1.006s] 
[1.007s]   Could not find a package configuration file provided by
[1.007s]   "turtlesim_interfaces" with any of the following names:
[1.007s] 
[1.007s]     turtlesim_interfacesConfig.cmake
[1.007s]     turtlesim_interfaces-config.cmake
[1.007s] 
[1.008s]   Add the installation prefix of "turtlesim_interfaces" to CMAKE_PREFIX_PATH
[1.008s]   or set "turtlesim_interfaces_DIR" to a directory containing one of the
[1.008s]   above files.  If "turtlesim_interfaces" provides a separate development
[1.012s]   package or SDK, be sure it has been installed.
[1.012s] 
[1.012s] -- Configuring incomplete, errors occurred!
[1.012s] See also "/home/lucas/turtlesim_ws/build/cpp_pkg/CMakeFiles/CMakeOutput.log".
[1.012s] [0m
[1.035s] gmake: *** [Makefile:226: cmake_check_build_system] Error 1
[1.550s] Invoked command in '/home/lucas/turtlesim_ws/build/cpp_pkg' returned '2': CMAKE_PREFIX_PATH=/opt/ros/humble /usr/bin/cmake --build /home/lucas/turtlesim_ws/build/cpp_pkg -- -j4 -l4
