[0.035s] Invoking command in '/home/lucas/turtlesim_ws/build/cpp_pkg': CMAKE_PREFIX_PATH=/opt/ros/humble /usr/bin/cmake --build /home/lucas/turtlesim_ws/build/cpp_pkg -- -j4 -l4
[0.144s] Invoked command in '/home/lucas/turtlesim_ws/build/cpp_pkg' returned '0': CMAKE_PREFIX_PATH=/opt/ros/humble /usr/bin/cmake --build /home/lucas/turtlesim_ws/build/cpp_pkg -- -j4 -l4
[0.147s] Invoking command in '/home/lucas/turtlesim_ws/build/cpp_pkg': CMAKE_PREFIX_PATH=/opt/ros/humble /usr/bin/cmake --install /home/lucas/turtlesim_ws/build/cpp_pkg
[0.164s] -- Install configuration: ""
[0.164s] -- Up-to-date: /home/lucas/turtlesim_ws/install/cpp_pkg/share/ament_index/resource_index/package_run_dependencies/cpp_pkg
[0.165s] -- Up-to-date: /home/lucas/turtlesim_ws/install/cpp_pkg/share/ament_index/resource_index/parent_prefix_path/cpp_pkg
[0.165s] -- Up-to-date: /home/lucas/turtlesim_ws/install/cpp_pkg/share/cpp_pkg/environment/ament_prefix_path.sh
[0.165s] -- Up-to-date: /home/lucas/turtlesim_ws/install/cpp_pkg/share/cpp_pkg/environment/ament_prefix_path.dsv
[0.165s] -- Up-to-date: /home/lucas/turtlesim_ws/install/cpp_pkg/share/cpp_pkg/environment/path.sh
[0.166s] -- Up-to-date: /home/lucas/turtlesim_ws/install/cpp_pkg/share/cpp_pkg/environment/path.dsv
[0.166s] -- Up-to-date: /home/lucas/turtlesim_ws/install/cpp_pkg/share/cpp_pkg/local_setup.bash
[0.166s] -- Up-to-date: /home/lucas/turtlesim_ws/install/cpp_pkg/share/cpp_pkg/local_setup.sh
[0.166s] -- Up-to-date: /home/lucas/turtlesim_ws/install/cpp_pkg/share/cpp_pkg/local_setup.zsh
[0.166s] -- Up-to-date: /home/lucas/turtlesim_ws/install/cpp_pkg/share/cpp_pkg/local_setup.dsv
[0.167s] -- Up-to-date: /home/lucas/turtlesim_ws/install/cpp_pkg/share/cpp_pkg/package.dsv
[0.167s] -- Up-to-date: /home/lucas/turtlesim_ws/install/cpp_pkg/share/ament_index/resource_index/packages/cpp_pkg
[0.167s] -- Up-to-date: /home/lucas/turtlesim_ws/install/cpp_pkg/share/cpp_pkg/cmake/cpp_pkgConfig.cmake
[0.167s] -- Up-to-date: /home/lucas/turtlesim_ws/install/cpp_pkg/share/cpp_pkg/cmake/cpp_pkgConfig-version.cmake
[0.167s] -- Up-to-date: /home/lucas/turtlesim_ws/install/cpp_pkg/share/cpp_pkg/package.xml
[0.171s] Invoked command in '/home/lucas/turtlesim_ws/build/cpp_pkg' returned '0': CMAKE_PREFIX_PATH=/opt/ros/humble /usr/bin/cmake --install /home/lucas/turtlesim_ws/build/cpp_pkg
