[0.049s] Invoking command in '/home/lucas/turtlesim_ws/build/turtlesim_bringup': AMENT_PREFIX_PATH=/home/lucas/turtlesim_ws/install/py_pkg:/home/lucas/turtlesim_ws/install/turtlesim_bringup:/home/lucas/turtlesim_ws/install/turtlesim_interfaces:/home/lucas/turtlesim_ws/install/cpp_pkg:/opt/ros/humble CMAKE_PREFIX_PATH=/home/lucas/turtlesim_ws/install/turtlesim_interfaces:/home/lucas/turtlesim_ws/install/cpp_pkg:/home/lucas/turtlesim_ws/install/turtlesim_bringup:/home/lucas/turtlesim_ws/install/py_pkg:/opt/ros/humble /usr/bin/cmake --build /home/lucas/turtlesim_ws/build/turtlesim_bringup -- -j4 -l4
[0.128s] Invoked command in '/home/lucas/turtlesim_ws/build/turtlesim_bringup' returned '0': AMENT_PREFIX_PATH=/home/lucas/turtlesim_ws/install/py_pkg:/home/lucas/turtlesim_ws/install/turtlesim_bringup:/home/lucas/turtlesim_ws/install/turtlesim_interfaces:/home/lucas/turtlesim_ws/install/cpp_pkg:/opt/ros/humble CMAKE_PREFIX_PATH=/home/lucas/turtlesim_ws/install/turtlesim_interfaces:/home/lucas/turtlesim_ws/install/cpp_pkg:/home/lucas/turtlesim_ws/install/turtlesim_bringup:/home/lucas/turtlesim_ws/install/py_pkg:/opt/ros/humble /usr/bin/cmake --build /home/lucas/turtlesim_ws/build/turtlesim_bringup -- -j4 -l4
[0.151s] Invoking command in '/home/lucas/turtlesim_ws/build/turtlesim_bringup': AMENT_PREFIX_PATH=/home/lucas/turtlesim_ws/install/py_pkg:/home/lucas/turtlesim_ws/install/turtlesim_bringup:/home/lucas/turtlesim_ws/install/turtlesim_interfaces:/home/lucas/turtlesim_ws/install/cpp_pkg:/opt/ros/humble CMAKE_PREFIX_PATH=/home/lucas/turtlesim_ws/install/turtlesim_interfaces:/home/lucas/turtlesim_ws/install/cpp_pkg:/home/lucas/turtlesim_ws/install/turtlesim_bringup:/home/lucas/turtlesim_ws/install/py_pkg:/opt/ros/humble /usr/bin/cmake --install /home/lucas/turtlesim_ws/build/turtlesim_bringup
[0.167s] -- Install configuration: ""
[0.167s] -- Up-to-date: /home/lucas/turtlesim_ws/install/turtlesim_bringup/share/turtlesim_bringup//launch
[0.168s] -- Installing: /home/lucas/turtlesim_ws/install/turtlesim_bringup/share/turtlesim_bringup//launch/turtle.launch.xml
[0.168s] -- Up-to-date: /home/lucas/turtlesim_ws/install/turtlesim_bringup/share/turtlesim_bringup//config
[0.168s] -- Up-to-date: /home/lucas/turtlesim_ws/install/turtlesim_bringup/share/ament_index/resource_index/package_run_dependencies/turtlesim_bringup
[0.168s] -- Up-to-date: /home/lucas/turtlesim_ws/install/turtlesim_bringup/share/ament_index/resource_index/parent_prefix_path/turtlesim_bringup
[0.169s] -- Up-to-date: /home/lucas/turtlesim_ws/install/turtlesim_bringup/share/turtlesim_bringup/environment/ament_prefix_path.sh
[0.169s] -- Up-to-date: /home/lucas/turtlesim_ws/install/turtlesim_bringup/share/turtlesim_bringup/environment/ament_prefix_path.dsv
[0.169s] -- Up-to-date: /home/lucas/turtlesim_ws/install/turtlesim_bringup/share/turtlesim_bringup/environment/path.sh
[0.169s] -- Up-to-date: /home/lucas/turtlesim_ws/install/turtlesim_bringup/share/turtlesim_bringup/environment/path.dsv
[0.169s] -- Up-to-date: /home/lucas/turtlesim_ws/install/turtlesim_bringup/share/turtlesim_bringup/local_setup.bash
[0.170s] -- Up-to-date: /home/lucas/turtlesim_ws/install/turtlesim_bringup/share/turtlesim_bringup/local_setup.sh
[0.170s] -- Up-to-date: /home/lucas/turtlesim_ws/install/turtlesim_bringup/share/turtlesim_bringup/local_setup.zsh
[0.170s] -- Up-to-date: /home/lucas/turtlesim_ws/install/turtlesim_bringup/share/turtlesim_bringup/local_setup.dsv
[0.170s] -- Installing: /home/lucas/turtlesim_ws/install/turtlesim_bringup/share/turtlesim_bringup/package.dsv
[0.170s] -- Up-to-date: /home/lucas/turtlesim_ws/install/turtlesim_bringup/share/ament_index/resource_index/packages/turtlesim_bringup
[0.170s] -- Up-to-date: /home/lucas/turtlesim_ws/install/turtlesim_bringup/share/turtlesim_bringup/cmake/turtlesim_bringupConfig.cmake
[0.170s] -- Up-to-date: /home/lucas/turtlesim_ws/install/turtlesim_bringup/share/turtlesim_bringup/cmake/turtlesim_bringupConfig-version.cmake
[0.171s] -- Up-to-date: /home/lucas/turtlesim_ws/install/turtlesim_bringup/share/turtlesim_bringup/package.xml
[0.193s] Invoked command in '/home/lucas/turtlesim_ws/build/turtlesim_bringup' returned '0': AMENT_PREFIX_PATH=/home/lucas/turtlesim_ws/install/py_pkg:/home/lucas/turtlesim_ws/install/turtlesim_bringup:/home/lucas/turtlesim_ws/install/turtlesim_interfaces:/home/lucas/turtlesim_ws/install/cpp_pkg:/opt/ros/humble CMAKE_PREFIX_PATH=/home/lucas/turtlesim_ws/install/turtlesim_interfaces:/home/lucas/turtlesim_ws/install/cpp_pkg:/home/lucas/turtlesim_ws/install/turtlesim_bringup:/home/lucas/turtlesim_ws/install/py_pkg:/opt/ros/humble /usr/bin/cmake --install /home/lucas/turtlesim_ws/build/turtlesim_bringup
