[0.053s] Invoking command in '/home/lucas/turtlesim_ws/build/cpp_pkg': CMAKE_PREFIX_PATH=/opt/ros/humble /usr/bin/cmake /home/lucas/turtlesim_ws/src/cpp_pkg -DCMAKE_INSTALL_PREFIX=/home/lucas/turtlesim_ws/install/cpp_pkg
[0.304s] -- The C compiler identification is GNU 11.4.0
[0.515s] -- The CXX compiler identification is GNU 11.4.0
[0.537s] -- Detecting C compiler ABI info
[0.717s] -- Detecting C compiler ABI info - done
[0.735s] -- Check for working C compiler: /usr/bin/cc - skipped
[0.751s] -- Detecting C compile features
[0.753s] -- Detecting C compile features - done
[0.758s] -- Detecting CXX compiler ABI info
[0.954s] -- Detecting CXX compiler ABI info - done
[0.972s] -- Check for working CXX compiler: /usr/bin/c++ - skipped
[0.972s] -- Detecting CXX compile features
[0.973s] -- Detecting CXX compile features - done
[1.005s] -- Found ament_cmake: 1.3.11 (/opt/ros/humble/share/ament_cmake/cmake)
[1.352s] -- Found Python3: /usr/bin/python3 (found version "3.10.12") found components: Interpreter 
[1.573s] -- Found ament_lint_auto: 0.12.12 (/opt/ros/humble/share/ament_lint_auto/cmake)
[1.756s] -- Added test 'lint_cmake' to check CMake code style
[1.760s] -- Added test 'xmllint' to check XML markup files
[1.763s] -- Configuring done
[1.771s] -- Generating done
[1.774s] -- Build files have been written to: /home/lucas/turtlesim_ws/build/cpp_pkg
[1.785s] Invoked command in '/home/lucas/turtlesim_ws/build/cpp_pkg' returned '0': CMAKE_PREFIX_PATH=/opt/ros/humble /usr/bin/cmake /home/lucas/turtlesim_ws/src/cpp_pkg -DCMAKE_INSTALL_PREFIX=/home/lucas/turtlesim_ws/install/cpp_pkg
[1.790s] Invoking command in '/home/lucas/turtlesim_ws/build/cpp_pkg': CMAKE_PREFIX_PATH=/opt/ros/humble /usr/bin/cmake --build /home/lucas/turtlesim_ws/build/cpp_pkg -- -j4 -l4
[1.879s] Invoked command in '/home/lucas/turtlesim_ws/build/cpp_pkg' returned '0': CMAKE_PREFIX_PATH=/opt/ros/humble /usr/bin/cmake --build /home/lucas/turtlesim_ws/build/cpp_pkg -- -j4 -l4
[1.901s] Invoking command in '/home/lucas/turtlesim_ws/build/cpp_pkg': CMAKE_PREFIX_PATH=/opt/ros/humble /usr/bin/cmake --install /home/lucas/turtlesim_ws/build/cpp_pkg
[1.918s] -- Install configuration: ""
[1.919s] -- Installing: /home/lucas/turtlesim_ws/install/cpp_pkg/share/ament_index/resource_index/package_run_dependencies/cpp_pkg
[1.919s] -- Installing: /home/lucas/turtlesim_ws/install/cpp_pkg/share/ament_index/resource_index/parent_prefix_path/cpp_pkg
[1.920s] -- Installing: /home/lucas/turtlesim_ws/install/cpp_pkg/share/cpp_pkg/environment/ament_prefix_path.sh
[1.920s] -- Installing: /home/lucas/turtlesim_ws/install/cpp_pkg/share/cpp_pkg/environment/ament_prefix_path.dsv
[1.920s] -- Installing: /home/lucas/turtlesim_ws/install/cpp_pkg/share/cpp_pkg/environment/path.sh
[1.921s] -- Installing: /home/lucas/turtlesim_ws/install/cpp_pkg/share/cpp_pkg/environment/path.dsv
[1.921s] -- Installing: /home/lucas/turtlesim_ws/install/cpp_pkg/share/cpp_pkg/local_setup.bash
[1.921s] -- Installing: /home/lucas/turtlesim_ws/install/cpp_pkg/share/cpp_pkg/local_setup.sh
[1.921s] -- Installing: /home/lucas/turtlesim_ws/install/cpp_pkg/share/cpp_pkg/local_setup.zsh
[1.922s] -- Installing: /home/lucas/turtlesim_ws/install/cpp_pkg/share/cpp_pkg/local_setup.dsv
[1.922s] -- Installing: /home/lucas/turtlesim_ws/install/cpp_pkg/share/cpp_pkg/package.dsv
[1.923s] -- Installing: /home/lucas/turtlesim_ws/install/cpp_pkg/share/ament_index/resource_index/packages/cpp_pkg
[1.923s] -- Installing: /home/lucas/turtlesim_ws/install/cpp_pkg/share/cpp_pkg/cmake/cpp_pkgConfig.cmake
[1.923s] -- Installing: /home/lucas/turtlesim_ws/install/cpp_pkg/share/cpp_pkg/cmake/cpp_pkgConfig-version.cmake
[1.924s] -- Installing: /home/lucas/turtlesim_ws/install/cpp_pkg/share/cpp_pkg/package.xml
[1.928s] Invoked command in '/home/lucas/turtlesim_ws/build/cpp_pkg' returned '0': CMAKE_PREFIX_PATH=/opt/ros/humble /usr/bin/cmake --install /home/lucas/turtlesim_ws/build/cpp_pkg
