[1.554s] Invoking command in '/home/lucas/turtlesim_ws/src/py_pkg': AMENT_PREFIX_PATH=/home/lucas/turtlesim_ws/install/turtlesim_interfaces:${AMENT_PREFIX_PATH} CMAKE_PREFIX_PATH=/home/lucas/turtlesim_ws/install/turtlesim_interfaces PYTHONPATH=/home/lucas/turtlesim_ws/build/py_pkg/prefix_override:/usr/lib/python3/dist-packages/colcon_core/task/python/colcon_distutils_commands:/home/lucas/turtlesim_ws/install/py_pkg/lib/python3.10/site-packages:${PYTHONPATH} /usr/bin/python3 -W ignore:setup.py install is deprecated -W ignore:easy_install command is deprecated setup.py egg_info --egg-base ../../build/py_pkg build --build-base /home/lucas/turtlesim_ws/build/py_pkg/build install --record /home/lucas/turtlesim_ws/build/py_pkg/install.log --single-version-externally-managed install_data
[2.136s] running egg_info
[2.137s] writing ../../build/py_pkg/py_pkg.egg-info/PKG-INFO
[2.157s] writing dependency_links to ../../build/py_pkg/py_pkg.egg-info/dependency_links.txt
[2.157s] writing entry points to ../../build/py_pkg/py_pkg.egg-info/entry_points.txt
[2.157s] writing requirements to ../../build/py_pkg/py_pkg.egg-info/requires.txt
[2.157s] writing top-level names to ../../build/py_pkg/py_pkg.egg-info/top_level.txt
[2.161s] reading manifest file '../../build/py_pkg/py_pkg.egg-info/SOURCES.txt'
[2.166s] writing manifest file '../../build/py_pkg/py_pkg.egg-info/SOURCES.txt'
[2.166s] running build
[2.166s] running build_py
[2.166s] copying py_pkg/turle_control.py -> /home/lucas/turtlesim_ws/build/py_pkg/build/lib/py_pkg
[2.167s] running install
[2.167s] running install_lib
[2.169s] copying /home/lucas/turtlesim_ws/build/py_pkg/build/lib/py_pkg/turle_control.py -> /home/lucas/turtlesim_ws/install/py_pkg/lib/python3.10/site-packages/py_pkg
[2.170s] byte-compiling /home/lucas/turtlesim_ws/install/py_pkg/lib/python3.10/site-packages/py_pkg/turle_control.py to turle_control.cpython-310.pyc
[2.170s] running install_data
[2.170s]   File "/home/lucas/turtlesim_ws/install/py_pkg/lib/python3.10/site-packages/py_pkg/turle_control.py", line 4
[2.171s]     from examples_interfaces import geometry_msgs/msg/Twist
[2.171s]                                                  ^
[2.171s] SyntaxError: invalid syntax
[2.171s] 
[2.171s] copying package.xml -> /home/lucas/turtlesim_ws/install/py_pkg/share/py_pkg
[2.172s] running install_egg_info
[2.175s] removing '/home/lucas/turtlesim_ws/install/py_pkg/lib/python3.10/site-packages/py_pkg-0.0.0-py3.10.egg-info' (and everything under it)
[2.175s] Copying ../../build/py_pkg/py_pkg.egg-info to /home/lucas/turtlesim_ws/install/py_pkg/lib/python3.10/site-packages/py_pkg-0.0.0-py3.10.egg-info
[2.177s] running install_scripts
[2.217s] writing list of installed files to '/home/lucas/turtlesim_ws/build/py_pkg/install.log'
