[0.059s] Invoking command in '/home/lucas/turtlesim_ws/build/turtlesim_interfaces': CMAKE_PREFIX_PATH=/opt/ros/humble /usr/bin/cmake --build /home/lucas/turtlesim_ws/build/turtlesim_interfaces -- -j4 -l4
[0.154s] Invoked command in '/home/lucas/turtlesim_ws/build/turtlesim_interfaces' returned '0': CMAKE_PREFIX_PATH=/opt/ros/humble /usr/bin/cmake --build /home/lucas/turtlesim_ws/build/turtlesim_interfaces -- -j4 -l4
[0.173s] Invoking command in '/home/lucas/turtlesim_ws/build/turtlesim_interfaces': CMAKE_PREFIX_PATH=/opt/ros/humble /usr/bin/cmake --install /home/lucas/turtlesim_ws/build/turtlesim_interfaces
[0.191s] -- Install configuration: ""
[0.191s] -- Up-to-date: /home/lucas/turtlesim_ws/install/turtlesim_interfaces/share/ament_index/resource_index/package_run_dependencies/turtlesim_interfaces
[0.192s] -- Up-to-date: /home/lucas/turtlesim_ws/install/turtlesim_interfaces/share/ament_index/resource_index/parent_prefix_path/turtlesim_interfaces
[0.192s] -- Up-to-date: /home/lucas/turtlesim_ws/install/turtlesim_interfaces/share/turtlesim_interfaces/environment/ament_prefix_path.sh
[0.192s] -- Up-to-date: /home/lucas/turtlesim_ws/install/turtlesim_interfaces/share/turtlesim_interfaces/environment/ament_prefix_path.dsv
[0.192s] -- Up-to-date: /home/lucas/turtlesim_ws/install/turtlesim_interfaces/share/turtlesim_interfaces/environment/path.sh
[0.192s] -- Up-to-date: /home/lucas/turtlesim_ws/install/turtlesim_interfaces/share/turtlesim_interfaces/environment/path.dsv
[0.193s] -- Up-to-date: /home/lucas/turtlesim_ws/install/turtlesim_interfaces/share/turtlesim_interfaces/local_setup.bash
[0.193s] -- Up-to-date: /home/lucas/turtlesim_ws/install/turtlesim_interfaces/share/turtlesim_interfaces/local_setup.sh
[0.193s] -- Up-to-date: /home/lucas/turtlesim_ws/install/turtlesim_interfaces/share/turtlesim_interfaces/local_setup.zsh
[0.193s] -- Up-to-date: /home/lucas/turtlesim_ws/install/turtlesim_interfaces/share/turtlesim_interfaces/local_setup.dsv
[0.193s] -- Installing: /home/lucas/turtlesim_ws/install/turtlesim_interfaces/share/turtlesim_interfaces/package.dsv
[0.194s] -- Up-to-date: /home/lucas/turtlesim_ws/install/turtlesim_interfaces/share/ament_index/resource_index/packages/turtlesim_interfaces
[0.194s] -- Up-to-date: /home/lucas/turtlesim_ws/install/turtlesim_interfaces/share/turtlesim_interfaces/cmake/ament_cmake_export_dependencies-extras.cmake
[0.194s] -- Up-to-date: /home/lucas/turtlesim_ws/install/turtlesim_interfaces/share/turtlesim_interfaces/cmake/turtlesim_interfacesConfig.cmake
[0.194s] -- Up-to-date: /home/lucas/turtlesim_ws/install/turtlesim_interfaces/share/turtlesim_interfaces/cmake/turtlesim_interfacesConfig-version.cmake
[0.194s] -- Up-to-date: /home/lucas/turtlesim_ws/install/turtlesim_interfaces/share/turtlesim_interfaces/package.xml
[0.273s] Invoked command in '/home/lucas/turtlesim_ws/build/turtlesim_interfaces' returned '0': CMAKE_PREFIX_PATH=/opt/ros/humble /usr/bin/cmake --install /home/lucas/turtlesim_ws/build/turtlesim_interfaces
