[0.023s] Invoking command in '/home/lucas/turtlesim_ws/build/turtlesim_bringup': AMENT_PREFIX_PATH=/home/lucas/turtlesim_ws/install/py_pkg:/home/lucas/turtlesim_ws/install/turtlesim_interfaces:/home/lucas/turtlesim_ws/install/cpp_pkg:${AMENT_PREFIX_PATH} CMAKE_PREFIX_PATH=/home/lucas/turtlesim_ws/install/turtlesim_interfaces:/home/lucas/turtlesim_ws/install/cpp_pkg:/opt/ros/humble PYTHONPATH=/home/lucas/turtlesim_ws/install/py_pkg/lib/python3.10/site-packages:${PYTHONPATH} /usr/bin/cmake --build /home/lucas/turtlesim_ws/build/turtlesim_bringup -- -j4 -l4
[0.068s] -- Found ament_cmake: 1.3.11 (/opt/ros/humble/share/ament_cmake/cmake)
[0.509s] -- Configuring done
[0.515s] -- Generating done
[0.518s] -- Build files have been written to: /home/lucas/turtlesim_ws/build/turtlesim_bringup
[0.562s] Invoked command in '/home/lucas/turtlesim_ws/build/turtlesim_bringup' returned '0': AMENT_PREFIX_PATH=/home/lucas/turtlesim_ws/install/py_pkg:/home/lucas/turtlesim_ws/install/turtlesim_interfaces:/home/lucas/turtlesim_ws/install/cpp_pkg:${AMENT_PREFIX_PATH} CMAKE_PREFIX_PATH=/home/lucas/turtlesim_ws/install/turtlesim_interfaces:/home/lucas/turtlesim_ws/install/cpp_pkg:/opt/ros/humble PYTHONPATH=/home/lucas/turtlesim_ws/install/py_pkg/lib/python3.10/site-packages:${PYTHONPATH} /usr/bin/cmake --build /home/lucas/turtlesim_ws/build/turtlesim_bringup -- -j4 -l4
[0.583s] Invoking command in '/home/lucas/turtlesim_ws/build/turtlesim_bringup': AMENT_PREFIX_PATH=/home/lucas/turtlesim_ws/install/py_pkg:/home/lucas/turtlesim_ws/install/turtlesim_interfaces:/home/lucas/turtlesim_ws/install/cpp_pkg:${AMENT_PREFIX_PATH} CMAKE_PREFIX_PATH=/home/lucas/turtlesim_ws/install/turtlesim_interfaces:/home/lucas/turtlesim_ws/install/cpp_pkg:/opt/ros/humble PYTHONPATH=/home/lucas/turtlesim_ws/install/py_pkg/lib/python3.10/site-packages:${PYTHONPATH} /usr/bin/cmake --install /home/lucas/turtlesim_ws/build/turtlesim_bringup
[0.599s] -- Install configuration: ""
[0.599s] -- Up-to-date: /home/lucas/turtlesim_ws/install/turtlesim_bringup/share/turtlesim_bringup//launch
[0.600s] -- Up-to-date: /home/lucas/turtlesim_ws/install/turtlesim_bringup/share/turtlesim_bringup//launch/turtle.launch.xml
[0.600s] -- Up-to-date: /home/lucas/turtlesim_ws/install/turtlesim_bringup/share/turtlesim_bringup//config
[0.600s] -- Installing: /home/lucas/turtlesim_ws/install/turtlesim_bringup/share/ament_index/resource_index/package_run_dependencies/turtlesim_bringup
[0.600s] -- Installing: /home/lucas/turtlesim_ws/install/turtlesim_bringup/share/ament_index/resource_index/parent_prefix_path/turtlesim_bringup
[0.601s] -- Up-to-date: /home/lucas/turtlesim_ws/install/turtlesim_bringup/share/turtlesim_bringup/environment/ament_prefix_path.sh
[0.601s] -- Installing: /home/lucas/turtlesim_ws/install/turtlesim_bringup/share/turtlesim_bringup/environment/ament_prefix_path.dsv
[0.601s] -- Up-to-date: /home/lucas/turtlesim_ws/install/turtlesim_bringup/share/turtlesim_bringup/environment/path.sh
[0.601s] -- Installing: /home/lucas/turtlesim_ws/install/turtlesim_bringup/share/turtlesim_bringup/environment/path.dsv
[0.602s] -- Up-to-date: /home/lucas/turtlesim_ws/install/turtlesim_bringup/share/turtlesim_bringup/local_setup.bash
[0.602s] -- Up-to-date: /home/lucas/turtlesim_ws/install/turtlesim_bringup/share/turtlesim_bringup/local_setup.sh
[0.602s] -- Up-to-date: /home/lucas/turtlesim_ws/install/turtlesim_bringup/share/turtlesim_bringup/local_setup.zsh
[0.602s] -- Installing: /home/lucas/turtlesim_ws/install/turtlesim_bringup/share/turtlesim_bringup/local_setup.dsv
[0.602s] -- Installing: /home/lucas/turtlesim_ws/install/turtlesim_bringup/share/turtlesim_bringup/package.dsv
[0.603s] -- Up-to-date: /home/lucas/turtlesim_ws/install/turtlesim_bringup/share/ament_index/resource_index/packages/turtlesim_bringup
[0.603s] -- Up-to-date: /home/lucas/turtlesim_ws/install/turtlesim_bringup/share/turtlesim_bringup/cmake/turtlesim_bringupConfig.cmake
[0.603s] -- Up-to-date: /home/lucas/turtlesim_ws/install/turtlesim_bringup/share/turtlesim_bringup/cmake/turtlesim_bringupConfig-version.cmake
[0.603s] -- Installing: /home/lucas/turtlesim_ws/install/turtlesim_bringup/share/turtlesim_bringup/package.xml
[0.625s] Invoked command in '/home/lucas/turtlesim_ws/build/turtlesim_bringup' returned '0': AMENT_PREFIX_PATH=/home/lucas/turtlesim_ws/install/py_pkg:/home/lucas/turtlesim_ws/install/turtlesim_interfaces:/home/lucas/turtlesim_ws/install/cpp_pkg:${AMENT_PREFIX_PATH} CMAKE_PREFIX_PATH=/home/lucas/turtlesim_ws/install/turtlesim_interfaces:/home/lucas/turtlesim_ws/install/cpp_pkg:/opt/ros/humble PYTHONPATH=/home/lucas/turtlesim_ws/install/py_pkg/lib/python3.10/site-packages:${PYTHONPATH} /usr/bin/cmake --install /home/lucas/turtlesim_ws/build/turtlesim_bringup
