[1.526s] Invoking command in '/home/lucas/turtlesim_ws/src/py_pkg': AMENT_PREFIX_PATH=/home/lucas/turtlesim_ws/install/turtlesim_interfaces:${AMENT_PREFIX_PATH} CMAKE_PREFIX_PATH=/home/lucas/turtlesim_ws/install/turtlesim_interfaces PYTHONPATH=/home/lucas/turtlesim_ws/build/py_pkg/prefix_override:/usr/lib/python3/dist-packages/colcon_core/task/python/colcon_distutils_commands:/home/lucas/turtlesim_ws/install/py_pkg/lib/python3.10/site-packages:${PYTHONPATH} /usr/bin/python3 -W ignore:setup.py install is deprecated -W ignore:easy_install command is deprecated setup.py egg_info --egg-base ../../build/py_pkg build --build-base /home/lucas/turtlesim_ws/build/py_pkg/build install --record /home/lucas/turtlesim_ws/build/py_pkg/install.log --single-version-externally-managed install_data
[2.093s] running egg_info
[2.094s] writing ../../build/py_pkg/py_pkg.egg-info/PKG-INFO
[2.115s] writing dependency_links to ../../build/py_pkg/py_pkg.egg-info/dependency_links.txt
[2.115s] writing entry points to ../../build/py_pkg/py_pkg.egg-info/entry_points.txt
[2.115s] writing requirements to ../../build/py_pkg/py_pkg.egg-info/requires.txt
[2.115s] writing top-level names to ../../build/py_pkg/py_pkg.egg-info/top_level.txt
[2.119s] reading manifest file '../../build/py_pkg/py_pkg.egg-info/SOURCES.txt'
[2.123s] writing manifest file '../../build/py_pkg/py_pkg.egg-info/SOURCES.txt'
[2.123s] running build
[2.123s] running build_py
[2.123s] copying py_pkg/turle_control.py -> /home/lucas/turtlesim_ws/build/py_pkg/build/lib/py_pkg
[2.124s] running install
[2.125s] running install_lib
[2.126s] copying /home/lucas/turtlesim_ws/build/py_pkg/build/lib/py_pkg/turle_control.py -> /home/lucas/turtlesim_ws/install/py_pkg/lib/python3.10/site-packages/py_pkg
[2.127s] byte-compiling /home/lucas/turtlesim_ws/install/py_pkg/lib/python3.10/site-packages/py_pkg/turle_control.py to turle_control.cpython-310.pyc
[2.128s] running install_data
[2.128s] running install_egg_info
[2.132s] removing '/home/lucas/turtlesim_ws/install/py_pkg/lib/python3.10/site-packages/py_pkg-0.0.0-py3.10.egg-info' (and everything under it)
[2.133s] Copying ../../build/py_pkg/py_pkg.egg-info to /home/lucas/turtlesim_ws/install/py_pkg/lib/python3.10/site-packages/py_pkg-0.0.0-py3.10.egg-info
[2.136s] running install_scripts
[2.178s] writing list of installed files to '/home/lucas/turtlesim_ws/build/py_pkg/install.log'
[2.279s] Invoked command in '/home/lucas/turtlesim_ws/src/py_pkg' returned '0': AMENT_PREFIX_PATH=/home/lucas/turtlesim_ws/install/turtlesim_interfaces:${AMENT_PREFIX_PATH} CMAKE_PREFIX_PATH=/home/lucas/turtlesim_ws/install/turtlesim_interfaces PYTHONPATH=/home/lucas/turtlesim_ws/build/py_pkg/prefix_override:/usr/lib/python3/dist-packages/colcon_core/task/python/colcon_distutils_commands:/home/lucas/turtlesim_ws/install/py_pkg/lib/python3.10/site-packages:${PYTHONPATH} /usr/bin/python3 -W ignore:setup.py install is deprecated -W ignore:easy_install command is deprecated setup.py egg_info --egg-base ../../build/py_pkg build --build-base /home/lucas/turtlesim_ws/build/py_pkg/build install --record /home/lucas/turtlesim_ws/build/py_pkg/install.log --single-version-externally-managed install_data
