[0.037s] Invoking command in '/home/lucas/turtlesim_ws/build/cpp_pkg': CMAKE_PREFIX_PATH=/opt/ros/humble /usr/bin/cmake --build /home/lucas/turtlesim_ws/build/cpp_pkg -- -j4 -l4
[0.086s] -- Found ament_cmake: 1.3.11 (/opt/ros/humble/share/ament_cmake/cmake)
[0.415s] -- Found rclcpp: 16.0.12 (/opt/ros/humble/share/rclcpp/cmake)
[0.531s] -- Found rosidl_generator_c: 3.1.6 (/opt/ros/humble/share/rosidl_generator_c/cmake)
[0.545s] -- Found rosidl_adapter: 3.1.6 (/opt/ros/humble/share/rosidl_adapter/cmake)
[0.567s] -- Found rosidl_generator_cpp: 3.1.6 (/opt/ros/humble/share/rosidl_generator_cpp/cmake)
[0.606s] -- Using all available rosidl_typesupport_c: rosidl_typesupport_fastrtps_c;rosidl_typesupport_introspection_c
[0.649s] -- Using all available rosidl_typesupport_cpp: rosidl_typesupport_fastrtps_cpp;rosidl_typesupport_introspection_cpp
[0.769s] -- Found rmw_implementation_cmake: 6.1.2 (/opt/ros/humble/share/rmw_implementation_cmake/cmake)
[0.776s] -- Found rmw_fastrtps_cpp: 6.2.7 (/opt/ros/humble/share/rmw_fastrtps_cpp/cmake)
[0.987s] -- Found OpenSSL: /usr/lib/x86_64-linux-gnu/libcrypto.so (found version "3.0.2")  
[1.040s] -- Found FastRTPS: /opt/ros/humble/include  
[1.117s] -- Using RMW implementation 'rmw_fastrtps_cpp' as default
[1.170s] -- Looking for pthread.h
[1.363s] -- Looking for pthread.h - found
[1.382s] -- Performing Test CMAKE_HAVE_LIBC_PTHREAD
[1.583s] -- Performing Test CMAKE_HAVE_LIBC_PTHREAD - Success
[1.585s] -- Found Threads: TRUE  
[1.748s] -- Found example_interfaces: 0.9.3 (/opt/ros/humble/share/example_interfaces/cmake)
[1.872s] [31mCMake Error at CMakeLists.txt:12 (find_package):
[1.873s]   By not providing "Findturtlesim_interfaces.cmake" in CMAKE_MODULE_PATH this
[1.873s]   project has asked CMake to find a package configuration file provided by
[1.873s]   "turtlesim_interfaces", but CMake did not find one.
[1.873s] 
[1.873s]   Could not find a package configuration file provided by
[1.873s]   "turtlesim_interfaces" with any of the following names:
[1.874s] 
[1.874s]     turtlesim_interfacesConfig.cmake
[1.874s]     turtlesim_interfaces-config.cmake
[1.874s] 
[1.874s]   Add the installation prefix of "turtlesim_interfaces" to CMAKE_PREFIX_PATH
[1.874s]   or set "turtlesim_interfaces_DIR" to a directory containing one of the
[1.874s]   above files.  If "turtlesim_interfaces" provides a separate development
[1.875s]   package or SDK, be sure it has been installed.
[1.875s] 
[1.875s] [0m
[1.875s] -- Configuring incomplete, errors occurred!
[1.875s] See also "/home/lucas/turtlesim_ws/build/cpp_pkg/CMakeFiles/CMakeOutput.log".
[1.888s] gmake: *** [Makefile:226: cmake_check_build_system] Error 1
[1.891s] Invoked command in '/home/lucas/turtlesim_ws/build/cpp_pkg' returned '2': CMAKE_PREFIX_PATH=/opt/ros/humble /usr/bin/cmake --build /home/lucas/turtlesim_ws/build/cpp_pkg -- -j4 -l4
