-- Found ament_cmake: 1.3.11 (/opt/ros/humble/share/ament_cmake/cmake)
-- Found rclcpp: 16.0.12 (/opt/ros/humble/share/rclcpp/cmake)
-- Found rosidl_generator_c: 3.1.6 (/opt/ros/humble/share/rosidl_generator_c/cmake)
-- Found rosidl_adapter: 3.1.6 (/opt/ros/humble/share/rosidl_adapter/cmake)
-- Found rosidl_generator_cpp: 3.1.6 (/opt/ros/humble/share/rosidl_generator_cpp/cmake)
-- Using all available rosidl_typesupport_c: rosidl_typesupport_fastrtps_c;rosidl_typesupport_introspection_c
-- Using all available rosidl_typesupport_cpp: rosidl_typesupport_fastrtps_cpp;rosidl_typesupport_introspection_cpp
-- Found rmw_implementation_cmake: 6.1.2 (/opt/ros/humble/share/rmw_implementation_cmake/cmake)
-- Found rmw_fastrtps_cpp: 6.2.7 (/opt/ros/humble/share/rmw_fastrtps_cpp/cmake)
-- Using RMW implementation 'rmw_fastrtps_cpp' as default
-- Found example_interfaces: 0.9.3 (/opt/ros/humble/share/example_interfaces/cmake)
-- Found ament_lint_auto: 0.12.12 (/opt/ros/humble/share/ament_lint_auto/cmake)
-- Added test 'lint_cmake' to check CMake code style
-- Added test 'xmllint' to check XML markup files
-- Configuring done
-- Generating done
-- Build files have been written to: /home/lucas/turtlesim_ws/build/cpp_pkg
-- Install configuration: ""
-- Up-to-date: /home/lucas/turtlesim_ws/install/cpp_pkg/share/ament_index/resource_index/package_run_dependencies/cpp_pkg
-- Up-to-date: /home/lucas/turtlesim_ws/install/cpp_pkg/share/ament_index/resource_index/parent_prefix_path/cpp_pkg
-- Up-to-date: /home/lucas/turtlesim_ws/install/cpp_pkg/share/cpp_pkg/environment/ament_prefix_path.sh
-- Installing: /home/lucas/turtlesim_ws/install/cpp_pkg/share/cpp_pkg/environment/ament_prefix_path.dsv
-- Up-to-date: /home/lucas/turtlesim_ws/install/cpp_pkg/share/cpp_pkg/environment/path.sh
-- Installing: /home/lucas/turtlesim_ws/install/cpp_pkg/share/cpp_pkg/environment/path.dsv
-- Up-to-date: /home/lucas/turtlesim_ws/install/cpp_pkg/share/cpp_pkg/local_setup.bash
-- Up-to-date: /home/lucas/turtlesim_ws/install/cpp_pkg/share/cpp_pkg/local_setup.sh
-- Up-to-date: /home/lucas/turtlesim_ws/install/cpp_pkg/share/cpp_pkg/local_setup.zsh
-- Installing: /home/lucas/turtlesim_ws/install/cpp_pkg/share/cpp_pkg/local_setup.dsv
-- Installing: /home/lucas/turtlesim_ws/install/cpp_pkg/share/cpp_pkg/package.dsv
-- Up-to-date: /home/lucas/turtlesim_ws/install/cpp_pkg/share/ament_index/resource_index/packages/cpp_pkg
-- Up-to-date: /home/lucas/turtlesim_ws/install/cpp_pkg/share/cpp_pkg/cmake/cpp_pkgConfig.cmake
-- Up-to-date: /home/lucas/turtlesim_ws/install/cpp_pkg/share/cpp_pkg/cmake/cpp_pkgConfig-version.cmake
-- Up-to-date: /home/lucas/turtlesim_ws/install/cpp_pkg/share/cpp_pkg/package.xml
