[0.033s] Invoking command in '/home/lucas/turtlesim_ws/build/cpp_pkg': CMAKE_PREFIX_PATH=/opt/ros/humble /usr/bin/cmake --build /home/lucas/turtlesim_ws/build/cpp_pkg -- -j4 -l4
[0.091s] -- Found ament_cmake: 1.3.11 (/opt/ros/humble/share/ament_cmake/cmake)
[0.415s] -- Found rclcpp: 16.0.12 (/opt/ros/humble/share/rclcpp/cmake)
[0.472s] -- Found rosidl_generator_c: 3.1.6 (/opt/ros/humble/share/rosidl_generator_c/cmake)
[0.478s] -- Found rosidl_adapter: 3.1.6 (/opt/ros/humble/share/rosidl_adapter/cmake)
[0.493s] -- Found rosidl_generator_cpp: 3.1.6 (/opt/ros/humble/share/rosidl_generator_cpp/cmake)
[0.516s] -- Using all available rosidl_typesupport_c: rosidl_typesupport_fastrtps_c;rosidl_typesupport_introspection_c
[0.545s] -- Using all available rosidl_typesupport_cpp: rosidl_typesupport_fastrtps_cpp;rosidl_typesupport_introspection_cpp
[0.619s] -- Found rmw_implementation_cmake: 6.1.2 (/opt/ros/humble/share/rmw_implementation_cmake/cmake)
[0.622s] -- Found rmw_fastrtps_cpp: 6.2.7 (/opt/ros/humble/share/rmw_fastrtps_cpp/cmake)
[0.811s] -- Using RMW implementation 'rmw_fastrtps_cpp' as default
[0.922s] -- Found example_interfaces: 0.9.3 (/opt/ros/humble/share/example_interfaces/cmake)
[1.008s] -- Found ament_lint_auto: 0.12.12 (/opt/ros/humble/share/ament_lint_auto/cmake)
[1.176s] -- Added test 'lint_cmake' to check CMake code style
[1.179s] -- Added test 'xmllint' to check XML markup files
[1.180s] -- Configuring done
[1.193s] -- Generating done
[1.198s] -- Build files have been written to: /home/lucas/turtlesim_ws/build/cpp_pkg
[1.254s] Invoked command in '/home/lucas/turtlesim_ws/build/cpp_pkg' returned '0': CMAKE_PREFIX_PATH=/opt/ros/humble /usr/bin/cmake --build /home/lucas/turtlesim_ws/build/cpp_pkg -- -j4 -l4
[1.257s] Invoking command in '/home/lucas/turtlesim_ws/build/cpp_pkg': CMAKE_PREFIX_PATH=/opt/ros/humble /usr/bin/cmake --install /home/lucas/turtlesim_ws/build/cpp_pkg
[1.274s] -- Install configuration: ""
[1.274s] -- Up-to-date: /home/lucas/turtlesim_ws/install/cpp_pkg/share/ament_index/resource_index/package_run_dependencies/cpp_pkg
[1.275s] -- Up-to-date: /home/lucas/turtlesim_ws/install/cpp_pkg/share/ament_index/resource_index/parent_prefix_path/cpp_pkg
[1.275s] -- Up-to-date: /home/lucas/turtlesim_ws/install/cpp_pkg/share/cpp_pkg/environment/ament_prefix_path.sh
[1.275s] -- Installing: /home/lucas/turtlesim_ws/install/cpp_pkg/share/cpp_pkg/environment/ament_prefix_path.dsv
[1.275s] -- Up-to-date: /home/lucas/turtlesim_ws/install/cpp_pkg/share/cpp_pkg/environment/path.sh
[1.276s] -- Installing: /home/lucas/turtlesim_ws/install/cpp_pkg/share/cpp_pkg/environment/path.dsv
[1.276s] -- Up-to-date: /home/lucas/turtlesim_ws/install/cpp_pkg/share/cpp_pkg/local_setup.bash
[1.276s] -- Up-to-date: /home/lucas/turtlesim_ws/install/cpp_pkg/share/cpp_pkg/local_setup.sh
[1.276s] -- Up-to-date: /home/lucas/turtlesim_ws/install/cpp_pkg/share/cpp_pkg/local_setup.zsh
[1.276s] -- Installing: /home/lucas/turtlesim_ws/install/cpp_pkg/share/cpp_pkg/local_setup.dsv
[1.277s] -- Installing: /home/lucas/turtlesim_ws/install/cpp_pkg/share/cpp_pkg/package.dsv
[1.277s] -- Up-to-date: /home/lucas/turtlesim_ws/install/cpp_pkg/share/ament_index/resource_index/packages/cpp_pkg
[1.277s] -- Up-to-date: /home/lucas/turtlesim_ws/install/cpp_pkg/share/cpp_pkg/cmake/cpp_pkgConfig.cmake
[1.277s] -- Up-to-date: /home/lucas/turtlesim_ws/install/cpp_pkg/share/cpp_pkg/cmake/cpp_pkgConfig-version.cmake
[1.277s] -- Up-to-date: /home/lucas/turtlesim_ws/install/cpp_pkg/share/cpp_pkg/package.xml
[1.302s] Invoked command in '/home/lucas/turtlesim_ws/build/cpp_pkg' returned '0': CMAKE_PREFIX_PATH=/opt/ros/humble /usr/bin/cmake --install /home/lucas/turtlesim_ws/build/cpp_pkg
