[0.288s] DEBUG:colcon:Command line arguments: ['/usr/bin/colcon', 'build']
[0.288s] DEBUG:colcon:Parsed command line arguments: Namespace(log_base=None, log_level=None, verb_name='build', build_base='build', install_base='install', merge_install=False, symlink_install=False, test_result_base=None, continue_on_error=False, executor='parallel', parallel_workers=4, event_handlers=None, ignore_user_meta=False, metas=['./colcon.meta'], base_paths=['.'], packages_ignore=None, packages_ignore_regex=None, paths=None, packages_up_to=None, packages_up_to_regex=None, packages_above=None, packages_above_and_dependencies=None, packages_above_depth=None, packages_select_by_dep=None, packages_skip_by_dep=None, packages_skip_up_to=None, packages_select_build_failed=False, packages_skip_build_finished=False, packages_select_test_failures=False, packages_skip_test_passed=False, packages_select=None, packages_skip=None, packages_select_regex=None, packages_skip_regex=None, packages_start=None, packages_end=None, allow_overriding=[], cmake_args=None, cmake_target=None, cmake_target_skip_unavailable=False, cmake_clean_cache=False, cmake_clean_first=False, cmake_force_configure=False, ament_cmake_args=None, catkin_cmake_args=None, catkin_skip_building_tests=False, mixin_files=None, mixin=None, verb_parser=<colcon_mixin.mixin.mixin_argument.MixinArgumentDecorator object at 0x74e3f5866500>, verb_extension=<colcon_core.verb.build.BuildVerb object at 0x74e3f5865f60>, main=<bound method BuildVerb.main of <colcon_core.verb.build.BuildVerb object at 0x74e3f5865f60>>, mixin_verb=('build',))
[0.867s] Level 1:colcon.colcon_core.package_discovery:discover_packages(colcon_meta) check parameters
[0.867s] Level 1:colcon.colcon_core.package_discovery:discover_packages(recursive) check parameters
[0.867s] Level 1:colcon.colcon_core.package_discovery:discover_packages(ignore) check parameters
[0.867s] Level 1:colcon.colcon_core.package_discovery:discover_packages(path) check parameters
[0.867s] Level 1:colcon.colcon_core.package_discovery:discover_packages(colcon_meta) discover
[0.867s] Level 1:colcon.colcon_core.package_discovery:discover_packages(recursive) discover
[0.867s] INFO:colcon.colcon_core.package_discovery:Crawling recursively for packages in '/home/lucas/turtlesim_ws'
[0.868s] Level 1:colcon.colcon_core.package_identification:_identify(.) by extensions ['ignore', 'ignore_ament_install']
[0.868s] Level 1:colcon.colcon_core.package_identification:_identify(.) by extension 'ignore'
[0.868s] Level 1:colcon.colcon_core.package_identification:_identify(.) by extension 'ignore_ament_install'
[0.868s] Level 1:colcon.colcon_core.package_identification:_identify(.) by extensions ['colcon_pkg']
[0.868s] Level 1:colcon.colcon_core.package_identification:_identify(.) by extension 'colcon_pkg'
[0.868s] Level 1:colcon.colcon_core.package_identification:_identify(.) by extensions ['colcon_meta']
[0.868s] Level 1:colcon.colcon_core.package_identification:_identify(.) by extension 'colcon_meta'
[0.868s] Level 1:colcon.colcon_core.package_identification:_identify(.) by extensions ['ros']
[0.868s] Level 1:colcon.colcon_core.package_identification:_identify(.) by extension 'ros'
[0.892s] Level 1:colcon.colcon_core.package_identification:_identify(.) by extensions ['cmake', 'python']
[0.892s] Level 1:colcon.colcon_core.package_identification:_identify(.) by extension 'cmake'
[0.892s] Level 1:colcon.colcon_core.package_identification:_identify(.) by extension 'python'
[0.892s] Level 1:colcon.colcon_core.package_identification:_identify(.) by extensions ['python_setup_py']
[0.892s] Level 1:colcon.colcon_core.package_identification:_identify(.) by extension 'python_setup_py'
[0.893s] Level 1:colcon.colcon_core.package_identification:_identify(build) by extensions ['ignore', 'ignore_ament_install']
[0.893s] Level 1:colcon.colcon_core.package_identification:_identify(build) by extension 'ignore'
[0.893s] Level 1:colcon.colcon_core.package_identification:_identify(build) ignored
[0.893s] Level 1:colcon.colcon_core.package_identification:_identify(install) by extensions ['ignore', 'ignore_ament_install']
[0.893s] Level 1:colcon.colcon_core.package_identification:_identify(install) by extension 'ignore'
[0.893s] Level 1:colcon.colcon_core.package_identification:_identify(install) ignored
[0.894s] Level 1:colcon.colcon_core.package_identification:_identify(log) by extensions ['ignore', 'ignore_ament_install']
[0.894s] Level 1:colcon.colcon_core.package_identification:_identify(log) by extension 'ignore'
[0.894s] Level 1:colcon.colcon_core.package_identification:_identify(log) ignored
[0.894s] Level 1:colcon.colcon_core.package_identification:_identify(src) by extensions ['ignore', 'ignore_ament_install']
[0.894s] Level 1:colcon.colcon_core.package_identification:_identify(src) by extension 'ignore'
[0.894s] Level 1:colcon.colcon_core.package_identification:_identify(src) by extension 'ignore_ament_install'
[0.894s] Level 1:colcon.colcon_core.package_identification:_identify(src) by extensions ['colcon_pkg']
[0.894s] Level 1:colcon.colcon_core.package_identification:_identify(src) by extension 'colcon_pkg'
[0.895s] Level 1:colcon.colcon_core.package_identification:_identify(src) by extensions ['colcon_meta']
[0.895s] Level 1:colcon.colcon_core.package_identification:_identify(src) by extension 'colcon_meta'
[0.895s] Level 1:colcon.colcon_core.package_identification:_identify(src) by extensions ['ros']
[0.895s] Level 1:colcon.colcon_core.package_identification:_identify(src) by extension 'ros'
[0.895s] Level 1:colcon.colcon_core.package_identification:_identify(src) by extensions ['cmake', 'python']
[0.895s] Level 1:colcon.colcon_core.package_identification:_identify(src) by extension 'cmake'
[0.895s] Level 1:colcon.colcon_core.package_identification:_identify(src) by extension 'python'
[0.895s] Level 1:colcon.colcon_core.package_identification:_identify(src) by extensions ['python_setup_py']
[0.895s] Level 1:colcon.colcon_core.package_identification:_identify(src) by extension 'python_setup_py'
[0.896s] Level 1:colcon.colcon_core.package_identification:_identify(src/cpp_pkg) by extensions ['ignore', 'ignore_ament_install']
[0.896s] Level 1:colcon.colcon_core.package_identification:_identify(src/cpp_pkg) by extension 'ignore'
[0.896s] Level 1:colcon.colcon_core.package_identification:_identify(src/cpp_pkg) by extension 'ignore_ament_install'
[0.896s] Level 1:colcon.colcon_core.package_identification:_identify(src/cpp_pkg) by extensions ['colcon_pkg']
[0.896s] Level 1:colcon.colcon_core.package_identification:_identify(src/cpp_pkg) by extension 'colcon_pkg'
[0.896s] Level 1:colcon.colcon_core.package_identification:_identify(src/cpp_pkg) by extensions ['colcon_meta']
[0.896s] Level 1:colcon.colcon_core.package_identification:_identify(src/cpp_pkg) by extension 'colcon_meta'
[0.896s] Level 1:colcon.colcon_core.package_identification:_identify(src/cpp_pkg) by extensions ['ros']
[0.896s] Level 1:colcon.colcon_core.package_identification:_identify(src/cpp_pkg) by extension 'ros'
[0.924s] DEBUG:colcon.colcon_core.package_identification:Package 'src/cpp_pkg' with type 'ros.ament_cmake' and name 'cpp_pkg'
[0.924s] Level 1:colcon.colcon_core.package_identification:_identify(src/py_pkg) by extensions ['ignore', 'ignore_ament_install']
[0.925s] Level 1:colcon.colcon_core.package_identification:_identify(src/py_pkg) by extension 'ignore'
[0.925s] Level 1:colcon.colcon_core.package_identification:_identify(src/py_pkg) by extension 'ignore_ament_install'
[0.925s] Level 1:colcon.colcon_core.package_identification:_identify(src/py_pkg) by extensions ['colcon_pkg']
[0.925s] Level 1:colcon.colcon_core.package_identification:_identify(src/py_pkg) by extension 'colcon_pkg'
[0.925s] Level 1:colcon.colcon_core.package_identification:_identify(src/py_pkg) by extensions ['colcon_meta']
[0.925s] Level 1:colcon.colcon_core.package_identification:_identify(src/py_pkg) by extension 'colcon_meta'
[0.925s] Level 1:colcon.colcon_core.package_identification:_identify(src/py_pkg) by extensions ['ros']
[0.925s] Level 1:colcon.colcon_core.package_identification:_identify(src/py_pkg) by extension 'ros'
[0.926s] DEBUG:colcon.colcon_core.package_identification:Package 'src/py_pkg' with type 'ros.ament_python' and name 'py_pkg'
[0.927s] Level 1:colcon.colcon_core.package_discovery:discover_packages(recursive) using defaults
[0.927s] Level 1:colcon.colcon_core.package_discovery:discover_packages(ignore) discover
[0.927s] Level 1:colcon.colcon_core.package_discovery:discover_packages(ignore) using defaults
[0.927s] Level 1:colcon.colcon_core.package_discovery:discover_packages(path) discover
[0.927s] Level 1:colcon.colcon_core.package_discovery:discover_packages(path) using defaults
[0.992s] Level 1:colcon.colcon_core.package_discovery:discover_packages(prefix_path) check parameters
[0.992s] Level 1:colcon.colcon_core.package_discovery:discover_packages(prefix_path) discover
[1.000s] DEBUG:colcon.colcon_installed_package_information.package_discovery:Found 359 installed packages in /opt/ros/humble
[1.005s] Level 1:colcon.colcon_core.package_discovery:discover_packages(prefix_path) using defaults
[1.127s] Level 5:colcon.colcon_core.verb:set package 'cpp_pkg' build argument 'cmake_args' from command line to 'None'
[1.127s] Level 5:colcon.colcon_core.verb:set package 'cpp_pkg' build argument 'cmake_target' from command line to 'None'
[1.127s] Level 5:colcon.colcon_core.verb:set package 'cpp_pkg' build argument 'cmake_target_skip_unavailable' from command line to 'False'
[1.127s] Level 5:colcon.colcon_core.verb:set package 'cpp_pkg' build argument 'cmake_clean_cache' from command line to 'False'
[1.127s] Level 5:colcon.colcon_core.verb:set package 'cpp_pkg' build argument 'cmake_clean_first' from command line to 'False'
[1.128s] Level 5:colcon.colcon_core.verb:set package 'cpp_pkg' build argument 'cmake_force_configure' from command line to 'False'
[1.128s] Level 5:colcon.colcon_core.verb:set package 'cpp_pkg' build argument 'ament_cmake_args' from command line to 'None'
[1.128s] Level 5:colcon.colcon_core.verb:set package 'cpp_pkg' build argument 'catkin_cmake_args' from command line to 'None'
[1.128s] Level 5:colcon.colcon_core.verb:set package 'cpp_pkg' build argument 'catkin_skip_building_tests' from command line to 'False'
[1.128s] DEBUG:colcon.colcon_core.verb:Building package 'cpp_pkg' with the following arguments: {'ament_cmake_args': None, 'build_base': '/home/lucas/turtlesim_ws/build/cpp_pkg', 'catkin_cmake_args': None, 'catkin_skip_building_tests': False, 'cmake_args': None, 'cmake_clean_cache': False, 'cmake_clean_first': False, 'cmake_force_configure': False, 'cmake_target': None, 'cmake_target_skip_unavailable': False, 'install_base': '/home/lucas/turtlesim_ws/install/cpp_pkg', 'merge_install': False, 'path': '/home/lucas/turtlesim_ws/src/cpp_pkg', 'symlink_install': False, 'test_result_base': None}
[1.129s] Level 5:colcon.colcon_core.verb:set package 'py_pkg' build argument 'cmake_args' from command line to 'None'
[1.129s] Level 5:colcon.colcon_core.verb:set package 'py_pkg' build argument 'cmake_target' from command line to 'None'
[1.129s] Level 5:colcon.colcon_core.verb:set package 'py_pkg' build argument 'cmake_target_skip_unavailable' from command line to 'False'
[1.129s] Level 5:colcon.colcon_core.verb:set package 'py_pkg' build argument 'cmake_clean_cache' from command line to 'False'
[1.129s] Level 5:colcon.colcon_core.verb:set package 'py_pkg' build argument 'cmake_clean_first' from command line to 'False'
[1.129s] Level 5:colcon.colcon_core.verb:set package 'py_pkg' build argument 'cmake_force_configure' from command line to 'False'
[1.129s] Level 5:colcon.colcon_core.verb:set package 'py_pkg' build argument 'ament_cmake_args' from command line to 'None'
[1.129s] Level 5:colcon.colcon_core.verb:set package 'py_pkg' build argument 'catkin_cmake_args' from command line to 'None'
[1.129s] Level 5:colcon.colcon_core.verb:set package 'py_pkg' build argument 'catkin_skip_building_tests' from command line to 'False'
[1.129s] DEBUG:colcon.colcon_core.verb:Building package 'py_pkg' with the following arguments: {'ament_cmake_args': None, 'build_base': '/home/lucas/turtlesim_ws/build/py_pkg', 'catkin_cmake_args': None, 'catkin_skip_building_tests': False, 'cmake_args': None, 'cmake_clean_cache': False, 'cmake_clean_first': False, 'cmake_force_configure': False, 'cmake_target': None, 'cmake_target_skip_unavailable': False, 'install_base': '/home/lucas/turtlesim_ws/install/py_pkg', 'merge_install': False, 'path': '/home/lucas/turtlesim_ws/src/py_pkg', 'symlink_install': False, 'test_result_base': None}
[1.130s] INFO:colcon.colcon_core.executor:Executing jobs using 'parallel' executor
[1.131s] DEBUG:colcon.colcon_parallel_executor.executor.parallel:run_until_complete
[1.132s] INFO:colcon.colcon_ros.task.ament_cmake.build:Building ROS package in '/home/lucas/turtlesim_ws/src/cpp_pkg' with build type 'ament_cmake'
[1.132s] INFO:colcon.colcon_cmake.task.cmake.build:Building CMake package in '/home/lucas/turtlesim_ws/src/cpp_pkg'
[1.156s] INFO:colcon.colcon_core.plugin_system:Skipping extension 'colcon_core.shell.bat': Not used on non-Windows systems
[1.156s] INFO:colcon.colcon_core.shell:Skip shell extension 'powershell' for command environment: Not usable outside of PowerShell
[1.156s] DEBUG:colcon.colcon_core.shell:Skip shell extension 'dsv' for command environment
[1.167s] INFO:colcon.colcon_ros.task.ament_python.build:Building ROS package in '/home/lucas/turtlesim_ws/src/py_pkg' with build type 'ament_python'
[1.167s] Level 1:colcon.colcon_core.shell:create_environment_hook('py_pkg', 'ament_prefix_path')
[1.168s] INFO:colcon.colcon_core.shell:Creating environment hook '/home/lucas/turtlesim_ws/install/py_pkg/share/py_pkg/hook/ament_prefix_path.ps1'
[1.172s] INFO:colcon.colcon_core.shell:Creating environment descriptor '/home/lucas/turtlesim_ws/install/py_pkg/share/py_pkg/hook/ament_prefix_path.dsv'
[1.173s] INFO:colcon.colcon_core.shell:Creating environment hook '/home/lucas/turtlesim_ws/install/py_pkg/share/py_pkg/hook/ament_prefix_path.sh'
[1.174s] INFO:colcon.colcon_core.shell:Skip shell extension 'powershell' for command environment: Not usable outside of PowerShell
[1.174s] DEBUG:colcon.colcon_core.shell:Skip shell extension 'dsv' for command environment
[1.186s] DEBUG:colcon.colcon_core.event_handler.log_command:Invoking command in '/home/lucas/turtlesim_ws/build/cpp_pkg': CMAKE_PREFIX_PATH=/opt/ros/humble /usr/bin/cmake /home/lucas/turtlesim_ws/src/cpp_pkg -DCMAKE_INSTALL_PREFIX=/home/lucas/turtlesim_ws/install/cpp_pkg
[1.856s] INFO:colcon.colcon_core.task.python.build:Building Python package in '/home/lucas/turtlesim_ws/src/py_pkg'
[1.856s] INFO:colcon.colcon_core.shell:Skip shell extension 'powershell' for command environment: Not usable outside of PowerShell
[1.857s] DEBUG:colcon.colcon_core.shell:Skip shell extension 'dsv' for command environment
[2.919s] DEBUG:colcon.colcon_core.event_handler.log_command:Invoked command in '/home/lucas/turtlesim_ws/build/cpp_pkg' returned '0': CMAKE_PREFIX_PATH=/opt/ros/humble /usr/bin/cmake /home/lucas/turtlesim_ws/src/cpp_pkg -DCMAKE_INSTALL_PREFIX=/home/lucas/turtlesim_ws/install/cpp_pkg
[2.924s] DEBUG:colcon.colcon_core.event_handler.log_command:Invoking command in '/home/lucas/turtlesim_ws/build/cpp_pkg': CMAKE_PREFIX_PATH=/opt/ros/humble /usr/bin/cmake --build /home/lucas/turtlesim_ws/build/cpp_pkg -- -j4 -l4
[2.966s] DEBUG:colcon.colcon_core.event_handler.log_command:Invoking command in '/home/lucas/turtlesim_ws/src/py_pkg': PYTHONPATH=/home/lucas/turtlesim_ws/build/py_pkg/prefix_override:/usr/lib/python3/dist-packages/colcon_core/task/python/colcon_distutils_commands:/home/lucas/turtlesim_ws/install/py_pkg/lib/python3.10/site-packages:${PYTHONPATH} /usr/bin/python3 -W ignore:setup.py install is deprecated -W ignore:easy_install command is deprecated setup.py egg_info --egg-base ../../build/py_pkg build --build-base /home/lucas/turtlesim_ws/build/py_pkg/build install --record /home/lucas/turtlesim_ws/build/py_pkg/install.log --single-version-externally-managed install_data
[3.013s] DEBUG:colcon.colcon_core.event_handler.log_command:Invoked command in '/home/lucas/turtlesim_ws/build/cpp_pkg' returned '0': CMAKE_PREFIX_PATH=/opt/ros/humble /usr/bin/cmake --build /home/lucas/turtlesim_ws/build/cpp_pkg -- -j4 -l4
[3.034s] DEBUG:colcon.colcon_core.event_handler.log_command:Invoking command in '/home/lucas/turtlesim_ws/build/cpp_pkg': CMAKE_PREFIX_PATH=/opt/ros/humble /usr/bin/cmake --install /home/lucas/turtlesim_ws/build/cpp_pkg
[3.060s] Level 1:colcon.colcon_core.environment:create_environment_scripts_only(cpp_pkg)
[3.061s] DEBUG:colcon.colcon_core.event_handler.log_command:Invoked command in '/home/lucas/turtlesim_ws/build/cpp_pkg' returned '0': CMAKE_PREFIX_PATH=/opt/ros/humble /usr/bin/cmake --install /home/lucas/turtlesim_ws/build/cpp_pkg
[3.089s] Level 1:colcon.colcon_core.environment:checking '/home/lucas/turtlesim_ws/install/cpp_pkg' for CMake module files
[3.091s] Level 1:colcon.colcon_core.environment:checking '/home/lucas/turtlesim_ws/install/cpp_pkg' for CMake config files
[3.091s] Level 1:colcon.colcon_core.shell:create_environment_hook('cpp_pkg', 'cmake_prefix_path')
[3.092s] INFO:colcon.colcon_core.shell:Creating environment hook '/home/lucas/turtlesim_ws/install/cpp_pkg/share/cpp_pkg/hook/cmake_prefix_path.ps1'
[3.093s] INFO:colcon.colcon_core.shell:Creating environment descriptor '/home/lucas/turtlesim_ws/install/cpp_pkg/share/cpp_pkg/hook/cmake_prefix_path.dsv'
[3.093s] INFO:colcon.colcon_core.shell:Creating environment hook '/home/lucas/turtlesim_ws/install/cpp_pkg/share/cpp_pkg/hook/cmake_prefix_path.sh'
[3.095s] Level 1:colcon.colcon_core.environment:checking '/home/lucas/turtlesim_ws/install/cpp_pkg/bin'
[3.095s] Level 1:colcon.colcon_core.environment:checking '/home/lucas/turtlesim_ws/install/cpp_pkg/lib/pkgconfig/cpp_pkg.pc'
[3.095s] Level 1:colcon.colcon_core.environment:checking '/home/lucas/turtlesim_ws/install/cpp_pkg/lib/python3.10/site-packages'
[3.096s] Level 1:colcon.colcon_core.environment:checking '/home/lucas/turtlesim_ws/install/cpp_pkg/bin'
[3.096s] INFO:colcon.colcon_core.shell:Creating package script '/home/lucas/turtlesim_ws/install/cpp_pkg/share/cpp_pkg/package.ps1'
[3.099s] INFO:colcon.colcon_core.shell:Creating package descriptor '/home/lucas/turtlesim_ws/install/cpp_pkg/share/cpp_pkg/package.dsv'
[3.100s] INFO:colcon.colcon_core.shell:Creating package script '/home/lucas/turtlesim_ws/install/cpp_pkg/share/cpp_pkg/package.sh'
[3.102s] INFO:colcon.colcon_core.shell:Creating package script '/home/lucas/turtlesim_ws/install/cpp_pkg/share/cpp_pkg/package.bash'
[3.103s] INFO:colcon.colcon_core.shell:Creating package script '/home/lucas/turtlesim_ws/install/cpp_pkg/share/cpp_pkg/package.zsh'
[3.105s] Level 1:colcon.colcon_core.environment:create_file_with_runtime_dependencies(/home/lucas/turtlesim_ws/install/cpp_pkg/share/colcon-core/packages/cpp_pkg)
[3.106s] Level 1:colcon.colcon_core.environment:create_environment_scripts_only(cpp_pkg)
[3.107s] Level 1:colcon.colcon_core.environment:checking '/home/lucas/turtlesim_ws/install/cpp_pkg' for CMake module files
[3.108s] Level 1:colcon.colcon_core.environment:checking '/home/lucas/turtlesim_ws/install/cpp_pkg' for CMake config files
[3.108s] Level 1:colcon.colcon_core.shell:create_environment_hook('cpp_pkg', 'cmake_prefix_path')
[3.109s] INFO:colcon.colcon_core.shell:Creating environment hook '/home/lucas/turtlesim_ws/install/cpp_pkg/share/cpp_pkg/hook/cmake_prefix_path.ps1'
[3.110s] INFO:colcon.colcon_core.shell:Creating environment descriptor '/home/lucas/turtlesim_ws/install/cpp_pkg/share/cpp_pkg/hook/cmake_prefix_path.dsv'
[3.110s] INFO:colcon.colcon_core.shell:Creating environment hook '/home/lucas/turtlesim_ws/install/cpp_pkg/share/cpp_pkg/hook/cmake_prefix_path.sh'
[3.111s] Level 1:colcon.colcon_core.environment:checking '/home/lucas/turtlesim_ws/install/cpp_pkg/bin'
[3.112s] Level 1:colcon.colcon_core.environment:checking '/home/lucas/turtlesim_ws/install/cpp_pkg/lib/pkgconfig/cpp_pkg.pc'
[3.112s] Level 1:colcon.colcon_core.environment:checking '/home/lucas/turtlesim_ws/install/cpp_pkg/lib/python3.10/site-packages'
[3.112s] Level 1:colcon.colcon_core.environment:checking '/home/lucas/turtlesim_ws/install/cpp_pkg/bin'
[3.113s] INFO:colcon.colcon_core.shell:Creating package script '/home/lucas/turtlesim_ws/install/cpp_pkg/share/cpp_pkg/package.ps1'
[3.114s] INFO:colcon.colcon_core.shell:Creating package descriptor '/home/lucas/turtlesim_ws/install/cpp_pkg/share/cpp_pkg/package.dsv'
[3.115s] INFO:colcon.colcon_core.shell:Creating package script '/home/lucas/turtlesim_ws/install/cpp_pkg/share/cpp_pkg/package.sh'
[3.116s] INFO:colcon.colcon_core.shell:Creating package script '/home/lucas/turtlesim_ws/install/cpp_pkg/share/cpp_pkg/package.bash'
[3.117s] INFO:colcon.colcon_core.shell:Creating package script '/home/lucas/turtlesim_ws/install/cpp_pkg/share/cpp_pkg/package.zsh'
[3.118s] Level 1:colcon.colcon_core.environment:create_file_with_runtime_dependencies(/home/lucas/turtlesim_ws/install/cpp_pkg/share/colcon-core/packages/cpp_pkg)
[3.705s] Level 1:colcon.colcon_core.environment:checking '/home/lucas/turtlesim_ws/install/py_pkg' for CMake module files
[3.706s] DEBUG:colcon.colcon_core.event_handler.log_command:Invoked command in '/home/lucas/turtlesim_ws/src/py_pkg' returned '0': PYTHONPATH=/home/lucas/turtlesim_ws/build/py_pkg/prefix_override:/usr/lib/python3/dist-packages/colcon_core/task/python/colcon_distutils_commands:/home/lucas/turtlesim_ws/install/py_pkg/lib/python3.10/site-packages:${PYTHONPATH} /usr/bin/python3 -W ignore:setup.py install is deprecated -W ignore:easy_install command is deprecated setup.py egg_info --egg-base ../../build/py_pkg build --build-base /home/lucas/turtlesim_ws/build/py_pkg/build install --record /home/lucas/turtlesim_ws/build/py_pkg/install.log --single-version-externally-managed install_data
[3.707s] Level 1:colcon.colcon_core.environment:checking '/home/lucas/turtlesim_ws/install/py_pkg' for CMake config files
[3.708s] Level 1:colcon.colcon_core.environment:checking '/home/lucas/turtlesim_ws/install/py_pkg/lib'
[3.709s] Level 1:colcon.colcon_core.environment:checking '/home/lucas/turtlesim_ws/install/py_pkg/bin'
[3.709s] Level 1:colcon.colcon_core.environment:checking '/home/lucas/turtlesim_ws/install/py_pkg/lib/pkgconfig/py_pkg.pc'
[3.709s] Level 1:colcon.colcon_core.environment:checking '/home/lucas/turtlesim_ws/install/py_pkg/lib/python3.10/site-packages'
[3.709s] Level 1:colcon.colcon_core.shell:create_environment_hook('py_pkg', 'pythonpath')
[3.710s] INFO:colcon.colcon_core.shell:Creating environment hook '/home/lucas/turtlesim_ws/install/py_pkg/share/py_pkg/hook/pythonpath.ps1'
[3.711s] INFO:colcon.colcon_core.shell:Creating environment descriptor '/home/lucas/turtlesim_ws/install/py_pkg/share/py_pkg/hook/pythonpath.dsv'
[3.711s] INFO:colcon.colcon_core.shell:Creating environment hook '/home/lucas/turtlesim_ws/install/py_pkg/share/py_pkg/hook/pythonpath.sh'
[3.712s] Level 1:colcon.colcon_core.environment:checking '/home/lucas/turtlesim_ws/install/py_pkg/bin'
[3.712s] Level 1:colcon.colcon_core.environment:create_environment_scripts_only(py_pkg)
[3.713s] INFO:colcon.colcon_core.shell:Creating package script '/home/lucas/turtlesim_ws/install/py_pkg/share/py_pkg/package.ps1'
[3.714s] INFO:colcon.colcon_core.shell:Creating package descriptor '/home/lucas/turtlesim_ws/install/py_pkg/share/py_pkg/package.dsv'
[3.715s] INFO:colcon.colcon_core.shell:Creating package script '/home/lucas/turtlesim_ws/install/py_pkg/share/py_pkg/package.sh'
[3.715s] INFO:colcon.colcon_core.shell:Creating package script '/home/lucas/turtlesim_ws/install/py_pkg/share/py_pkg/package.bash'
[3.716s] INFO:colcon.colcon_core.shell:Creating package script '/home/lucas/turtlesim_ws/install/py_pkg/share/py_pkg/package.zsh'
[3.717s] Level 1:colcon.colcon_core.environment:create_file_with_runtime_dependencies(/home/lucas/turtlesim_ws/install/py_pkg/share/colcon-core/packages/py_pkg)
[3.717s] DEBUG:colcon.colcon_parallel_executor.executor.parallel:closing loop
[3.718s] DEBUG:colcon.colcon_parallel_executor.executor.parallel:loop closed
[3.718s] DEBUG:colcon.colcon_parallel_executor.executor.parallel:run_until_complete finished with '0'
[3.718s] DEBUG:colcon.colcon_core.event_reactor:joining thread
[3.753s] INFO:colcon.colcon_core.plugin_system:Skipping extension 'colcon_notification.desktop_notification.terminal_notifier': Not used on non-Darwin systems
[3.753s] INFO:colcon.colcon_core.plugin_system:Skipping extension 'colcon_notification.desktop_notification.win32': Not used on non-Windows systems
[3.753s] INFO:colcon.colcon_notification.desktop_notification:Sending desktop notification using 'notify2'
[3.782s] DEBUG:colcon.colcon_core.event_reactor:joined thread
[3.782s] INFO:colcon.colcon_core.shell:Creating prefix script '/home/lucas/turtlesim_ws/install/local_setup.ps1'
[3.785s] INFO:colcon.colcon_core.shell:Creating prefix util module '/home/lucas/turtlesim_ws/install/_local_setup_util_ps1.py'
[3.788s] INFO:colcon.colcon_core.shell:Creating prefix chain script '/home/lucas/turtlesim_ws/install/setup.ps1'
[3.791s] INFO:colcon.colcon_core.shell:Creating prefix script '/home/lucas/turtlesim_ws/install/local_setup.sh'
[3.792s] INFO:colcon.colcon_core.shell:Creating prefix util module '/home/lucas/turtlesim_ws/install/_local_setup_util_sh.py'
[3.794s] INFO:colcon.colcon_core.shell:Creating prefix chain script '/home/lucas/turtlesim_ws/install/setup.sh'
[3.796s] INFO:colcon.colcon_core.shell:Creating prefix script '/home/lucas/turtlesim_ws/install/local_setup.bash'
[3.798s] INFO:colcon.colcon_core.shell:Creating prefix chain script '/home/lucas/turtlesim_ws/install/setup.bash'
[3.800s] INFO:colcon.colcon_core.shell:Creating prefix script '/home/lucas/turtlesim_ws/install/local_setup.zsh'
[3.801s] INFO:colcon.colcon_core.shell:Creating prefix chain script '/home/lucas/turtlesim_ws/install/setup.zsh'
