[0.056s] Invoking command in '/home/lucas/turtlesim_ws/build/turtlesim_bringup': CMAKE_PREFIX_PATH=/opt/ros/humble /usr/bin/cmake --build /home/lucas/turtlesim_ws/build/turtlesim_bringup -- -j4 -l4
[0.700s] Invoked command in '/home/lucas/turtlesim_ws/build/turtlesim_bringup' returned '0': CMAKE_PREFIX_PATH=/opt/ros/humble /usr/bin/cmake --build /home/lucas/turtlesim_ws/build/turtlesim_bringup -- -j4 -l4
[0.721s] Invoking command in '/home/lucas/turtlesim_ws/build/turtlesim_bringup': CMAKE_PREFIX_PATH=/opt/ros/humble /usr/bin/cmake --install /home/lucas/turtlesim_ws/build/turtlesim_bringup
[0.740s] -- Install configuration: ""
[0.740s] -- Up-to-date: /home/lucas/turtlesim_ws/install/turtlesim_bringup/share/ament_index/resource_index/package_run_dependencies/turtlesim_bringup
[0.741s] -- Up-to-date: /home/lucas/turtlesim_ws/install/turtlesim_bringup/share/ament_index/resource_index/parent_prefix_path/turtlesim_bringup
[0.741s] -- Up-to-date: /home/lucas/turtlesim_ws/install/turtlesim_bringup/share/turtlesim_bringup/environment/ament_prefix_path.sh
[0.741s] -- Up-to-date: /home/lucas/turtlesim_ws/install/turtlesim_bringup/share/turtlesim_bringup/environment/ament_prefix_path.dsv
[0.741s] -- Up-to-date: /home/lucas/turtlesim_ws/install/turtlesim_bringup/share/turtlesim_bringup/environment/path.sh
[0.741s] -- Up-to-date: /home/lucas/turtlesim_ws/install/turtlesim_bringup/share/turtlesim_bringup/environment/path.dsv
[0.741s] -- Up-to-date: /home/lucas/turtlesim_ws/install/turtlesim_bringup/share/turtlesim_bringup/local_setup.bash
[0.742s] -- Up-to-date: /home/lucas/turtlesim_ws/install/turtlesim_bringup/share/turtlesim_bringup/local_setup.sh
[0.742s] -- Up-to-date: /home/lucas/turtlesim_ws/install/turtlesim_bringup/share/turtlesim_bringup/local_setup.zsh
[0.742s] -- Up-to-date: /home/lucas/turtlesim_ws/install/turtlesim_bringup/share/turtlesim_bringup/local_setup.dsv
[0.743s] -- Installing: /home/lucas/turtlesim_ws/install/turtlesim_bringup/share/turtlesim_bringup/package.dsv
[0.743s] -- Up-to-date: /home/lucas/turtlesim_ws/install/turtlesim_bringup/share/ament_index/resource_index/packages/turtlesim_bringup
[0.743s] -- Up-to-date: /home/lucas/turtlesim_ws/install/turtlesim_bringup/share/turtlesim_bringup/cmake/turtlesim_bringupConfig.cmake
[0.743s] -- Up-to-date: /home/lucas/turtlesim_ws/install/turtlesim_bringup/share/turtlesim_bringup/cmake/turtlesim_bringupConfig-version.cmake
[0.743s] -- Up-to-date: /home/lucas/turtlesim_ws/install/turtlesim_bringup/share/turtlesim_bringup/package.xml
[0.746s] Invoked command in '/home/lucas/turtlesim_ws/build/turtlesim_bringup' returned '0': CMAKE_PREFIX_PATH=/opt/ros/humble /usr/bin/cmake --install /home/lucas/turtlesim_ws/build/turtlesim_bringup
