[1.797s] Invoking command in '/home/lucas/turtlesim_ws/src/py_pkg': PYTHONPATH=/home/lucas/turtlesim_ws/build/py_pkg/prefix_override:/usr/lib/python3/dist-packages/colcon_core/task/python/colcon_distutils_commands:/home/lucas/turtlesim_ws/install/py_pkg/lib/python3.10/site-packages:${PYTHONPATH} /usr/bin/python3 -W ignore:setup.py install is deprecated -W ignore:easy_install command is deprecated setup.py egg_info --egg-base ../../build/py_pkg build --build-base /home/lucas/turtlesim_ws/build/py_pkg/build install --record /home/lucas/turtlesim_ws/build/py_pkg/install.log --single-version-externally-managed install_data
[2.390s] running egg_info
[2.391s] creating ../../build/py_pkg/py_pkg.egg-info
[2.391s] writing ../../build/py_pkg/py_pkg.egg-info/PKG-INFO
[2.391s] writing dependency_links to ../../build/py_pkg/py_pkg.egg-info/dependency_links.txt
[2.392s] writing entry points to ../../build/py_pkg/py_pkg.egg-info/entry_points.txt
[2.392s] writing requirements to ../../build/py_pkg/py_pkg.egg-info/requires.txt
[2.392s] writing top-level names to ../../build/py_pkg/py_pkg.egg-info/top_level.txt
[2.393s] writing manifest file '../../build/py_pkg/py_pkg.egg-info/SOURCES.txt'
[2.396s] reading manifest file '../../build/py_pkg/py_pkg.egg-info/SOURCES.txt'
[2.402s] writing manifest file '../../build/py_pkg/py_pkg.egg-info/SOURCES.txt'
[2.421s] running build
[2.422s] running build_py
[2.422s] creating /home/lucas/turtlesim_ws/build/py_pkg/build
[2.422s] creating /home/lucas/turtlesim_ws/build/py_pkg/build/lib
[2.422s] creating /home/lucas/turtlesim_ws/build/py_pkg/build/lib/py_pkg
[2.423s] copying py_pkg/__init__.py -> /home/lucas/turtlesim_ws/build/py_pkg/build/lib/py_pkg
[2.423s] running install
[2.423s] running install_lib
[2.425s] creating /home/lucas/turtlesim_ws/install/py_pkg/lib/python3.10/site-packages/py_pkg
[2.425s] copying /home/lucas/turtlesim_ws/build/py_pkg/build/lib/py_pkg/__init__.py -> /home/lucas/turtlesim_ws/install/py_pkg/lib/python3.10/site-packages/py_pkg
[2.426s] byte-compiling /home/lucas/turtlesim_ws/install/py_pkg/lib/python3.10/site-packages/py_pkg/__init__.py to __init__.cpython-310.pyc
[2.426s] running install_data
[2.426s] creating /home/lucas/turtlesim_ws/install/py_pkg/share/ament_index
[2.427s] creating /home/lucas/turtlesim_ws/install/py_pkg/share/ament_index/resource_index
[2.427s] creating /home/lucas/turtlesim_ws/install/py_pkg/share/ament_index/resource_index/packages
[2.427s] copying resource/py_pkg -> /home/lucas/turtlesim_ws/install/py_pkg/share/ament_index/resource_index/packages
[2.427s] copying package.xml -> /home/lucas/turtlesim_ws/install/py_pkg/share/py_pkg
[2.428s] running install_egg_info
[2.431s] Copying ../../build/py_pkg/py_pkg.egg-info to /home/lucas/turtlesim_ws/install/py_pkg/lib/python3.10/site-packages/py_pkg-0.0.0-py3.10.egg-info
[2.433s] running install_scripts
[2.473s] writing list of installed files to '/home/lucas/turtlesim_ws/build/py_pkg/install.log'
[2.538s] Invoked command in '/home/lucas/turtlesim_ws/src/py_pkg' returned '0': PYTHONPATH=/home/lucas/turtlesim_ws/build/py_pkg/prefix_override:/usr/lib/python3/dist-packages/colcon_core/task/python/colcon_distutils_commands:/home/lucas/turtlesim_ws/install/py_pkg/lib/python3.10/site-packages:${PYTHONPATH} /usr/bin/python3 -W ignore:setup.py install is deprecated -W ignore:easy_install command is deprecated setup.py egg_info --egg-base ../../build/py_pkg build --build-base /home/lucas/turtlesim_ws/build/py_pkg/build install --record /home/lucas/turtlesim_ws/build/py_pkg/install.log --single-version-externally-managed install_data
