[0.066s] Invoking command in '/home/lucas/turtlesim_ws/build/turtlesim_interfaces': CMAKE_PREFIX_PATH=/opt/ros/humble /usr/bin/cmake --build /home/lucas/turtlesim_ws/build/turtlesim_interfaces -- -j4 -l4
[0.165s] Invoked command in '/home/lucas/turtlesim_ws/build/turtlesim_interfaces' returned '0': CMAKE_PREFIX_PATH=/opt/ros/humble /usr/bin/cmake --build /home/lucas/turtlesim_ws/build/turtlesim_interfaces -- -j4 -l4
[0.187s] Invoking command in '/home/lucas/turtlesim_ws/build/turtlesim_interfaces': CMAKE_PREFIX_PATH=/opt/ros/humble /usr/bin/cmake --install /home/lucas/turtlesim_ws/build/turtlesim_interfaces
[0.205s] -- Install configuration: ""
[0.205s] -- Up-to-date: /home/lucas/turtlesim_ws/install/turtlesim_interfaces/share/ament_index/resource_index/package_run_dependencies/turtlesim_interfaces
[0.205s] -- Up-to-date: /home/lucas/turtlesim_ws/install/turtlesim_interfaces/share/ament_index/resource_index/parent_prefix_path/turtlesim_interfaces
[0.205s] -- Up-to-date: /home/lucas/turtlesim_ws/install/turtlesim_interfaces/share/turtlesim_interfaces/environment/ament_prefix_path.sh
[0.206s] -- Up-to-date: /home/lucas/turtlesim_ws/install/turtlesim_interfaces/share/turtlesim_interfaces/environment/ament_prefix_path.dsv
[0.207s] -- Up-to-date: /home/lucas/turtlesim_ws/install/turtlesim_interfaces/share/turtlesim_interfaces/environment/path.sh
[0.207s] -- Up-to-date: /home/lucas/turtlesim_ws/install/turtlesim_interfaces/share/turtlesim_interfaces/environment/path.dsv
[0.207s] -- Up-to-date: /home/lucas/turtlesim_ws/install/turtlesim_interfaces/share/turtlesim_interfaces/local_setup.bash
[0.207s] -- Up-to-date: /home/lucas/turtlesim_ws/install/turtlesim_interfaces/share/turtlesim_interfaces/local_setup.sh
[0.208s] -- Up-to-date: /home/lucas/turtlesim_ws/install/turtlesim_interfaces/share/turtlesim_interfaces/local_setup.zsh
[0.208s] -- Up-to-date: /home/lucas/turtlesim_ws/install/turtlesim_interfaces/share/turtlesim_interfaces/local_setup.dsv
[0.208s] -- Up-to-date: /home/lucas/turtlesim_ws/install/turtlesim_interfaces/share/turtlesim_interfaces/package.dsv
[0.208s] -- Up-to-date: /home/lucas/turtlesim_ws/install/turtlesim_interfaces/share/ament_index/resource_index/packages/turtlesim_interfaces
[0.208s] -- Up-to-date: /home/lucas/turtlesim_ws/install/turtlesim_interfaces/share/turtlesim_interfaces/cmake/turtlesim_interfacesConfig.cmake
[0.208s] -- Up-to-date: /home/lucas/turtlesim_ws/install/turtlesim_interfaces/share/turtlesim_interfaces/cmake/turtlesim_interfacesConfig-version.cmake
[0.209s] -- Up-to-date: /home/lucas/turtlesim_ws/install/turtlesim_interfaces/share/turtlesim_interfaces/package.xml
[0.257s] Invoked command in '/home/lucas/turtlesim_ws/build/turtlesim_interfaces' returned '0': CMAKE_PREFIX_PATH=/opt/ros/humble /usr/bin/cmake --install /home/lucas/turtlesim_ws/build/turtlesim_interfaces
