[1.532s] Invoking command in '/home/lucas/turtlesim_ws/src/py_pkg': CMAKE_PREFIX_PATH=/home/lucas/turtlesim_ws/install/turtlesim_interfaces:/home/lucas/turtlesim_ws/install/turtlesim_bringup:/home/lucas/turtlesim_ws/install/cpp_pkg PYTHONPATH=/home/lucas/turtlesim_ws/build/py_pkg/prefix_override:/usr/lib/python3/dist-packages/colcon_core/task/python/colcon_distutils_commands:/home/lucas/turtlesim_ws/install/py_pkg/lib/python3.10/site-packages:${PYTHONPATH} /usr/bin/python3 -W ignore:setup.py install is deprecated -W ignore:easy_install command is deprecated setup.py egg_info --egg-base ../../build/py_pkg build --build-base /home/lucas/turtlesim_ws/build/py_pkg/build install --record /home/lucas/turtlesim_ws/build/py_pkg/install.log --single-version-externally-managed install_data
[2.105s] running egg_info
[2.106s] writing ../../build/py_pkg/py_pkg.egg-info/PKG-INFO
[2.128s] writing dependency_links to ../../build/py_pkg/py_pkg.egg-info/dependency_links.txt
[2.128s] writing entry points to ../../build/py_pkg/py_pkg.egg-info/entry_points.txt
[2.128s] writing requirements to ../../build/py_pkg/py_pkg.egg-info/requires.txt
[2.129s] writing top-level names to ../../build/py_pkg/py_pkg.egg-info/top_level.txt
[2.132s] reading manifest file '../../build/py_pkg/py_pkg.egg-info/SOURCES.txt'
[2.139s] writing manifest file '../../build/py_pkg/py_pkg.egg-info/SOURCES.txt'
[2.139s] running build
[2.139s] running build_py
[2.139s] running install
[2.140s] running install_lib
[2.144s] running install_data
[2.144s] running install_egg_info
[2.148s] removing '/home/lucas/turtlesim_ws/install/py_pkg/lib/python3.10/site-packages/py_pkg-0.0.0-py3.10.egg-info' (and everything under it)
[2.149s] Copying ../../build/py_pkg/py_pkg.egg-info to /home/lucas/turtlesim_ws/install/py_pkg/lib/python3.10/site-packages/py_pkg-0.0.0-py3.10.egg-info
[2.151s] running install_scripts
[2.191s] Installing turtle_control script to /home/lucas/turtlesim_ws/install/py_pkg/lib/py_pkg
[2.232s] writing list of installed files to '/home/lucas/turtlesim_ws/build/py_pkg/install.log'
[2.294s] Invoked command in '/home/lucas/turtlesim_ws/src/py_pkg' returned '0': CMAKE_PREFIX_PATH=/home/lucas/turtlesim_ws/install/turtlesim_interfaces:/home/lucas/turtlesim_ws/install/turtlesim_bringup:/home/lucas/turtlesim_ws/install/cpp_pkg PYTHONPATH=/home/lucas/turtlesim_ws/build/py_pkg/prefix_override:/usr/lib/python3/dist-packages/colcon_core/task/python/colcon_distutils_commands:/home/lucas/turtlesim_ws/install/py_pkg/lib/python3.10/site-packages:${PYTHONPATH} /usr/bin/python3 -W ignore:setup.py install is deprecated -W ignore:easy_install command is deprecated setup.py egg_info --egg-base ../../build/py_pkg build --build-base /home/lucas/turtlesim_ws/build/py_pkg/build install --record /home/lucas/turtlesim_ws/build/py_pkg/install.log --single-version-externally-managed install_data
