[0.034s] Invoking command in '/home/lucas/turtlesim_ws/build/cpp_pkg': CMAKE_PREFIX_PATH=/opt/ros/humble /usr/bin/cmake --build /home/lucas/turtlesim_ws/build/cpp_pkg -- -j4 -l4
[0.087s] -- Found ament_cmake: 1.3.11 (/opt/ros/humble/share/ament_cmake/cmake)
[0.376s] -- Found rclcpp: 16.0.12 (/opt/ros/humble/share/rclcpp/cmake)
[0.435s] -- Found rosidl_generator_c: 3.1.6 (/opt/ros/humble/share/rosidl_generator_c/cmake)
[0.441s] -- Found rosidl_adapter: 3.1.6 (/opt/ros/humble/share/rosidl_adapter/cmake)
[0.455s] -- Found rosidl_generator_cpp: 3.1.6 (/opt/ros/humble/share/rosidl_generator_cpp/cmake)
[0.479s] -- Using all available rosidl_typesupport_c: rosidl_typesupport_fastrtps_c;rosidl_typesupport_introspection_c
[0.529s] -- Using all available rosidl_typesupport_cpp: rosidl_typesupport_fastrtps_cpp;rosidl_typesupport_introspection_cpp
[0.584s] -- Found rmw_implementation_cmake: 6.1.2 (/opt/ros/humble/share/rmw_implementation_cmake/cmake)
[0.587s] -- Found rmw_fastrtps_cpp: 6.2.7 (/opt/ros/humble/share/rmw_fastrtps_cpp/cmake)
[0.782s] -- Using RMW implementation 'rmw_fastrtps_cpp' as default
[0.890s] -- Found example_interfaces: 0.9.3 (/opt/ros/humble/share/example_interfaces/cmake)
[0.987s] [31mCMake Error at CMakeLists.txt:12 (find_package):
[0.987s]   By not providing "Findturtlesim_interfaces.cmake" in CMAKE_MODULE_PATH this
[0.987s]   project has asked CMake to find a package configuration file provided by
[0.988s]   "turtlesim_interfaces", but CMake did not find one.
[0.988s] 
[0.988s]   Could not find a package configuration file provided by
[0.988s]   "turtlesim_interfaces" with any of the following names:
[0.988s] 
[0.988s]     turtlesim_interfacesConfig.cmake
[0.989s]     turtlesim_interfaces-config.cmake
[0.989s] 
[0.989s]   Add the installation prefix of "turtlesim_interfaces" to CMAKE_PREFIX_PATH
[0.989s]   or set "turtlesim_interfaces_DIR" to a directory containing one of the
[0.989s]   above files.  If "turtlesim_interfaces" provides a separate development
[0.989s]   package or SDK, be sure it has been installed.
[0.990s] 
[0.990s] [0m
[0.990s] -- Configuring incomplete, errors occurred!
[0.990s] See also "/home/lucas/turtlesim_ws/build/cpp_pkg/CMakeFiles/CMakeOutput.log".
[1.019s] gmake: *** [Makefile:226: cmake_check_build_system] Error 1
[1.387s] Invoked command in '/home/lucas/turtlesim_ws/build/cpp_pkg' returned '2': CMAKE_PREFIX_PATH=/opt/ros/humble /usr/bin/cmake --build /home/lucas/turtlesim_ws/build/cpp_pkg -- -j4 -l4
