[0.677s] Invoking command in '/home/lucas/turtlesim_ws/build/turtlesim_interfaces': CMAKE_PREFIX_PATH=/opt/ros/humble /usr/bin/cmake /home/lucas/turtlesim_ws/src/turtlesim_interfaces -DCMAKE_INSTALL_PREFIX=/home/lucas/turtlesim_ws/install/turtlesim_interfaces
[0.827s] -- The C compiler identification is GNU 11.4.0
[0.975s] -- The CXX compiler identification is GNU 11.4.0
[0.991s] -- Detecting C compiler ABI info
[1.155s] -- Detecting C compiler ABI info - done
[1.173s] -- Check for working C compiler: /usr/bin/cc - skipped
[1.173s] -- Detecting C compile features
[1.174s] -- Detecting C compile features - done
[1.183s] -- Detecting CXX compiler ABI info
[1.393s] -- Detecting CXX compiler ABI info - done
[1.414s] -- Check for working CXX compiler: /usr/bin/c++ - skipped
[1.414s] -- Detecting CXX compile features
[1.415s] -- Detecting CXX compile features - done
[1.438s] -- Found ament_cmake: 1.3.11 (/opt/ros/humble/share/ament_cmake/cmake)
[1.792s] -- Found Python3: /usr/bin/python3 (found version "3.10.12") found components: Interpreter 
[2.000s] -- Found ament_lint_auto: 0.12.12 (/opt/ros/humble/share/ament_lint_auto/cmake)
[2.172s] -- Added test 'lint_cmake' to check CMake code style
[2.175s] -- Added test 'xmllint' to check XML markup files
[2.177s] -- Configuring done
[2.185s] -- Generating done
[2.211s] -- Build files have been written to: /home/lucas/turtlesim_ws/build/turtlesim_interfaces
[2.221s] Invoked command in '/home/lucas/turtlesim_ws/build/turtlesim_interfaces' returned '0': CMAKE_PREFIX_PATH=/opt/ros/humble /usr/bin/cmake /home/lucas/turtlesim_ws/src/turtlesim_interfaces -DCMAKE_INSTALL_PREFIX=/home/lucas/turtlesim_ws/install/turtlesim_interfaces
[2.222s] Invoking command in '/home/lucas/turtlesim_ws/build/turtlesim_interfaces': CMAKE_PREFIX_PATH=/opt/ros/humble /usr/bin/cmake --build /home/lucas/turtlesim_ws/build/turtlesim_interfaces -- -j4 -l4
[2.312s] Invoked command in '/home/lucas/turtlesim_ws/build/turtlesim_interfaces' returned '0': CMAKE_PREFIX_PATH=/opt/ros/humble /usr/bin/cmake --build /home/lucas/turtlesim_ws/build/turtlesim_interfaces -- -j4 -l4
[2.315s] Invoking command in '/home/lucas/turtlesim_ws/build/turtlesim_interfaces': CMAKE_PREFIX_PATH=/opt/ros/humble /usr/bin/cmake --install /home/lucas/turtlesim_ws/build/turtlesim_interfaces
[2.331s] -- Install configuration: ""
[2.335s] -- Installing: /home/lucas/turtlesim_ws/install/turtlesim_interfaces/share/ament_index/resource_index/package_run_dependencies/turtlesim_interfaces
[2.335s] -- Installing: /home/lucas/turtlesim_ws/install/turtlesim_interfaces/share/ament_index/resource_index/parent_prefix_path/turtlesim_interfaces
[2.335s] -- Installing: /home/lucas/turtlesim_ws/install/turtlesim_interfaces/share/turtlesim_interfaces/environment/ament_prefix_path.sh
[2.336s] -- Installing: /home/lucas/turtlesim_ws/install/turtlesim_interfaces/share/turtlesim_interfaces/environment/ament_prefix_path.dsv
[2.337s] -- Installing: /home/lucas/turtlesim_ws/install/turtlesim_interfaces/share/turtlesim_interfaces/environment/path.sh
[2.337s] -- Installing: /home/lucas/turtlesim_ws/install/turtlesim_interfaces/share/turtlesim_interfaces/environment/path.dsv
[2.337s] -- Installing: /home/lucas/turtlesim_ws/install/turtlesim_interfaces/share/turtlesim_interfaces/local_setup.bash
[2.337s] -- Installing: /home/lucas/turtlesim_ws/install/turtlesim_interfaces/share/turtlesim_interfaces/local_setup.sh
[2.338s] -- Installing: /home/lucas/turtlesim_ws/install/turtlesim_interfaces/share/turtlesim_interfaces/local_setup.zsh
[2.338s] -- Installing: /home/lucas/turtlesim_ws/install/turtlesim_interfaces/share/turtlesim_interfaces/local_setup.dsv
[2.338s] -- Installing: /home/lucas/turtlesim_ws/install/turtlesim_interfaces/share/turtlesim_interfaces/package.dsv
[2.338s] -- Installing: /home/lucas/turtlesim_ws/install/turtlesim_interfaces/share/ament_index/resource_index/packages/turtlesim_interfaces
[2.338s] -- Installing: /home/lucas/turtlesim_ws/install/turtlesim_interfaces/share/turtlesim_interfaces/cmake/turtlesim_interfacesConfig.cmake
[2.339s] -- Installing: /home/lucas/turtlesim_ws/install/turtlesim_interfaces/share/turtlesim_interfaces/cmake/turtlesim_interfacesConfig-version.cmake
[2.340s] -- Installing: /home/lucas/turtlesim_ws/install/turtlesim_interfaces/share/turtlesim_interfaces/package.xml
[2.369s] Invoked command in '/home/lucas/turtlesim_ws/build/turtlesim_interfaces' returned '0': CMAKE_PREFIX_PATH=/opt/ros/humble /usr/bin/cmake --install /home/lucas/turtlesim_ws/build/turtlesim_interfaces
