[0.681s] Invoking command in '/home/lucas/turtlesim_ws/build/turtlesim_bringup': CMAKE_PREFIX_PATH=/opt/ros/humble /usr/bin/cmake /home/lucas/turtlesim_ws/src/turtlesim_bringup -DCMAKE_INSTALL_PREFIX=/home/lucas/turtlesim_ws/install/turtlesim_bringup
[0.829s] -- The C compiler identification is GNU 11.4.0
[1.007s] -- The CXX compiler identification is GNU 11.4.0
[1.022s] -- Detecting C compiler ABI info
[1.201s] -- Detecting C compiler ABI info - done
[1.218s] -- Check for working C compiler: /usr/bin/cc - skipped
[1.218s] -- Detecting C compile features
[1.219s] -- Detecting C compile features - done
[1.226s] -- Detecting CXX compiler ABI info
[1.428s] -- Detecting CXX compiler ABI info - done
[1.445s] -- Check for working CXX compiler: /usr/bin/c++ - skipped
[1.446s] -- Detecting CXX compile features
[1.447s] -- Detecting CXX compile features - done
[1.451s] -- Found ament_cmake: 1.3.11 (/opt/ros/humble/share/ament_cmake/cmake)
[1.814s] -- Found Python3: /usr/bin/python3 (found version "3.10.12") found components: Interpreter 
[2.013s] -- Found ament_lint_auto: 0.12.12 (/opt/ros/humble/share/ament_lint_auto/cmake)
[2.191s] -- Added test 'lint_cmake' to check CMake code style
[2.192s] -- Added test 'xmllint' to check XML markup files
[2.195s] -- Configuring done
[2.209s] -- Generating done
[2.212s] -- Build files have been written to: /home/lucas/turtlesim_ws/build/turtlesim_bringup
[2.222s] Invoked command in '/home/lucas/turtlesim_ws/build/turtlesim_bringup' returned '0': CMAKE_PREFIX_PATH=/opt/ros/humble /usr/bin/cmake /home/lucas/turtlesim_ws/src/turtlesim_bringup -DCMAKE_INSTALL_PREFIX=/home/lucas/turtlesim_ws/install/turtlesim_bringup
[2.227s] Invoking command in '/home/lucas/turtlesim_ws/build/turtlesim_bringup': CMAKE_PREFIX_PATH=/opt/ros/humble /usr/bin/cmake --build /home/lucas/turtlesim_ws/build/turtlesim_bringup -- -j4 -l4
[2.312s] Invoked command in '/home/lucas/turtlesim_ws/build/turtlesim_bringup' returned '0': CMAKE_PREFIX_PATH=/opt/ros/humble /usr/bin/cmake --build /home/lucas/turtlesim_ws/build/turtlesim_bringup -- -j4 -l4
[2.316s] Invoking command in '/home/lucas/turtlesim_ws/build/turtlesim_bringup': CMAKE_PREFIX_PATH=/opt/ros/humble /usr/bin/cmake --install /home/lucas/turtlesim_ws/build/turtlesim_bringup
[2.333s] -- Install configuration: ""
[2.333s] -- Installing: /home/lucas/turtlesim_ws/install/turtlesim_bringup/share/ament_index/resource_index/package_run_dependencies/turtlesim_bringup
[2.334s] -- Installing: /home/lucas/turtlesim_ws/install/turtlesim_bringup/share/ament_index/resource_index/parent_prefix_path/turtlesim_bringup
[2.334s] -- Installing: /home/lucas/turtlesim_ws/install/turtlesim_bringup/share/turtlesim_bringup/environment/ament_prefix_path.sh
[2.334s] -- Installing: /home/lucas/turtlesim_ws/install/turtlesim_bringup/share/turtlesim_bringup/environment/ament_prefix_path.dsv
[2.335s] -- Installing: /home/lucas/turtlesim_ws/install/turtlesim_bringup/share/turtlesim_bringup/environment/path.sh
[2.335s] -- Installing: /home/lucas/turtlesim_ws/install/turtlesim_bringup/share/turtlesim_bringup/environment/path.dsv
[2.335s] -- Installing: /home/lucas/turtlesim_ws/install/turtlesim_bringup/share/turtlesim_bringup/local_setup.bash
[2.336s] -- Installing: /home/lucas/turtlesim_ws/install/turtlesim_bringup/share/turtlesim_bringup/local_setup.sh
[2.336s] -- Installing: /home/lucas/turtlesim_ws/install/turtlesim_bringup/share/turtlesim_bringup/local_setup.zsh
[2.336s] -- Installing: /home/lucas/turtlesim_ws/install/turtlesim_bringup/share/turtlesim_bringup/local_setup.dsv
[2.337s] -- Installing: /home/lucas/turtlesim_ws/install/turtlesim_bringup/share/turtlesim_bringup/package.dsv
[2.337s] -- Installing: /home/lucas/turtlesim_ws/install/turtlesim_bringup/share/ament_index/resource_index/packages/turtlesim_bringup
[2.338s] -- Installing: /home/lucas/turtlesim_ws/install/turtlesim_bringup/share/turtlesim_bringup/cmake/turtlesim_bringupConfig.cmake
[2.338s] -- Installing: /home/lucas/turtlesim_ws/install/turtlesim_bringup/share/turtlesim_bringup/cmake/turtlesim_bringupConfig-version.cmake
[2.338s] -- Installing: /home/lucas/turtlesim_ws/install/turtlesim_bringup/share/turtlesim_bringup/package.xml
[2.346s] Invoked command in '/home/lucas/turtlesim_ws/build/turtlesim_bringup' returned '0': CMAKE_PREFIX_PATH=/opt/ros/humble /usr/bin/cmake --install /home/lucas/turtlesim_ws/build/turtlesim_bringup
